

================================================================
== Vitis HLS Report for 'store_result_Pipeline_mem_wr'
================================================================
* Date:           Tue May  7 14:22:10 2024

* Version:        2023.1 (Build 3854077 on May  4 2023)
* Project:        vadd
* Solution:       solution (Vitis Kernel Flow Target)
* Product family: virtexuplusHBM
* Target device:  xcu50-fsvh2104-2-e


================================================================
== Performance Estimates
================================================================
+ Timing: 
    * Summary: 
    +--------+---------+----------+------------+
    |  Clock |  Target | Estimated| Uncertainty|
    +--------+---------+----------+------------+
    |ap_clk  |  3.33 ns|  2.433 ns|     0.90 ns|
    +--------+---------+----------+------------+

+ Latency: 
    * Summary: 
    +---------+---------+-----------+-----------+------+------+---------+
    |  Latency (cycles) |   Latency (absolute)  |   Interval  | Pipeline|
    |   min   |   max   |    min    |    max    |  min |  max |   Type  |
    +---------+---------+-----------+-----------+------+------+---------+
    |     4099|     4099|  13.662 us|  13.662 us|  4099|  4099|       no|
    +---------+---------+-----------+-----------+------+------+---------+

    + Detail: 
        * Instance: 
        N/A

        * Loop: 
        +----------+---------+---------+----------+-----------+-----------+------+----------+
        |          |  Latency (cycles) | Iteration|  Initiation Interval  | Trip |          |
        | Loop Name|   min   |   max   |  Latency |  achieved |   target  | Count| Pipelined|
        +----------+---------+---------+----------+-----------+-----------+------+----------+
        |- mem_wr  |     4097|     4097|         3|          1|          1|  4096|       yes|
        +----------+---------+---------+----------+-----------+-----------+------+----------+

============================================================
+ Verbose Summary: Synthesis Manager
============================================================
InlineROM: 1
ExposeGlobal: 0
============================================================
+ Verbose Summary: CDFG Model
============================================================
IsTopModel: 0
ResetActiveHigh: 1
IsCombinational: 0
IsDatapathOnly: 0
HasWiredReturn: 1
HasMFsm: 2
HasVarLatency: 1
IsPipeline: 0
IsRtlPipelined: 0
IsInstanceOverlapped: 0
IsDontTouch: 0
HasImplIP: 0
IsGatedGlobalClock: 0

+ Individual pipeline summary: 
  * Pipeline-0: initiation interval (II) = 1, depth = 3


============================================================
+ Verbose Summary: Schedule
============================================================
* Number of FSM states : 3
* Pipeline : 1
  Pipeline-0 : II = 1, D = 3, States = { 1 2 3 }
* Dataflow Pipeline: 0

* FSM state transitions: 
1 --> 2 
2 --> 3 
3 --> 

* FSM state operations: 

State 1 <SV = 0> <Delay = 1.26>
ST_1 : Operation 6 [1/1] (0.00ns)   --->   "%i = alloca i32 1"   --->   Operation 6 'alloca' 'i' <Predicate = true> <Delay = 0.00>
ST_1 : Operation 7 [1/1] (0.00ns)   --->   "%size_load_read = read i32 @_ssdm_op_Read.ap_auto.i32, i32 %size_load"   --->   Operation 7 'read' 'size_load_read' <Predicate = true> <Delay = 0.00>
ST_1 : Operation 8 [1/1] (0.00ns)   --->   "%sext_ln69_read = read i62 @_ssdm_op_Read.ap_auto.i62, i62 %sext_ln69"   --->   Operation 8 'read' 'sext_ln69_read' <Predicate = true> <Delay = 0.00>
ST_1 : Operation 9 [1/1] (0.00ns)   --->   "%sext_ln69_cast = sext i62 %sext_ln69_read"   --->   Operation 9 'sext' 'sext_ln69_cast' <Predicate = true> <Delay = 0.00>
ST_1 : Operation 10 [1/1] (0.00ns)   --->   "%specinterface_ln0 = specinterface void @_ssdm_op_SpecInterface, i32 %gmem0, void @empty_1, i32 0, i32 0, void @empty_3, i32 64, i32 0, void @empty_11, void @empty_10, void @empty_3, i32 16, i32 16, i32 16, i32 16, void @empty_3, void @empty_3, i32 4294967295, i32 0"   --->   Operation 10 'specinterface' 'specinterface_ln0' <Predicate = true> <Delay = 0.00>
ST_1 : Operation 11 [1/1] (0.00ns)   --->   "%specinterface_ln0 = specinterface void @_ssdm_op_SpecInterface, i32 %out_stream, void @empty_6, i32 0, i32 0, void @empty_3, i32 0, i32 0, void @empty_3, void @empty_3, void @empty_3, i32 0, i32 0, i32 0, i32 0, void @empty_3, void @empty_3, i32 4294967295, i32 0"   --->   Operation 11 'specinterface' 'specinterface_ln0' <Predicate = true> <Delay = 0.00>
ST_1 : Operation 12 [1/1] (0.38ns)   --->   "%store_ln0 = store i31 0, i31 %i"   --->   Operation 12 'store' 'store_ln0' <Predicate = true> <Delay = 0.38>
ST_1 : Operation 13 [1/1] (0.00ns)   --->   "%br_ln0 = br void %for.inc.i"   --->   Operation 13 'br' 'br_ln0' <Predicate = true> <Delay = 0.00>
ST_1 : Operation 14 [1/1] (0.00ns)   --->   "%i_load = load i31 %i" [/home/rourab/Auto_FastFlow_fpga/kernels_src/vadd/vadd.cpp:69]   --->   Operation 14 'load' 'i_load' <Predicate = true> <Delay = 0.00>
ST_1 : Operation 15 [1/1] (0.00ns)   --->   "%zext_ln69 = zext i31 %i_load" [/home/rourab/Auto_FastFlow_fpga/kernels_src/vadd/vadd.cpp:69]   --->   Operation 15 'zext' 'zext_ln69' <Predicate = true> <Delay = 0.00>
ST_1 : Operation 16 [1/1] (0.88ns)   --->   "%icmp_ln69 = icmp_slt  i32 %zext_ln69, i32 %size_load_read" [/home/rourab/Auto_FastFlow_fpga/kernels_src/vadd/vadd.cpp:69]   --->   Operation 16 'icmp' 'icmp_ln69' <Predicate = true> <Delay = 0.88> <CoreInst = "Cmp">   --->   Core 9 'Cmp' <Latency = 0> <II = 1> <Delay = 0.88> <FuncUnit> <Opcode : 'icmp'> <InPorts = 2> <OutPorts = 1>
ST_1 : Operation 17 [1/1] (0.87ns)   --->   "%add_ln69 = add i31 %i_load, i31 1" [/home/rourab/Auto_FastFlow_fpga/kernels_src/vadd/vadd.cpp:69]   --->   Operation 17 'add' 'add_ln69' <Predicate = true> <Delay = 0.87> <CoreInst = "Adder">   --->   Core 1 'Adder' <Latency = 0> <II = 1> <Delay = 0.87> <FuncUnit> <Opcode : 'add' 'sub'> <InPorts = 2> <OutPorts = 1>
ST_1 : Operation 18 [1/1] (0.00ns)   --->   "%br_ln69 = br i1 %icmp_ln69, void %store_result.exit.exitStub, void %new.body.for.inc.i" [/home/rourab/Auto_FastFlow_fpga/kernels_src/vadd/vadd.cpp:69]   --->   Operation 18 'br' 'br_ln69' <Predicate = true> <Delay = 0.00>
ST_1 : Operation 19 [1/1] (0.38ns)   --->   "%store_ln69 = store i31 %add_ln69, i31 %i" [/home/rourab/Auto_FastFlow_fpga/kernels_src/vadd/vadd.cpp:69]   --->   Operation 19 'store' 'store_ln69' <Predicate = (icmp_ln69)> <Delay = 0.38>

State 2 <SV = 1> <Delay = 1.21>
ST_2 : Operation 20 [1/1] (0.00ns)   --->   "%gmem0_addr = getelementptr i32 %gmem0, i64 %sext_ln69_cast" [/home/rourab/Auto_FastFlow_fpga/kernels_src/vadd/vadd.cpp:69]   --->   Operation 20 'getelementptr' 'gmem0_addr' <Predicate = true> <Delay = 0.00>
ST_2 : Operation 21 [1/1] (0.00ns)   --->   "%specpipeline_ln0 = specpipeline void @_ssdm_op_SpecPipeline, i32 4294967295, i32 0, i32 1, i32 0, void @p_str"   --->   Operation 21 'specpipeline' 'specpipeline_ln0' <Predicate = true> <Delay = 0.00>
ST_2 : Operation 22 [1/1] (1.21ns)   --->   "%out_stream_read = read i32 @_ssdm_op_Read.ap_fifo.volatile.i32P0A, i32 %out_stream" [/home/rourab/Auto_FastFlow_fpga/kernels_src/vadd/vadd.cpp:71]   --->   Operation 22 'read' 'out_stream_read' <Predicate = (icmp_ln69)> <Delay = 1.21> <CoreInst = "FIFO_SRL">   --->   Core 81 'FIFO_SRL' <Latency = 0> <II = 1> <Delay = 1.39> <Storage> <Opcode : 'read' 'write' 'nbread' 'nbwrite'> <Ports = 0> <Width = 32> <Depth = 2> <FIFO>
ST_2 : Operation 27 [1/1] (0.00ns)   --->   "%ret_ln0 = ret"   --->   Operation 27 'ret' 'ret_ln0' <Predicate = (!icmp_ln69)> <Delay = 0.00>

State 3 <SV = 2> <Delay = 2.43>
ST_3 : Operation 23 [1/1] (0.00ns)   --->   "%speclooptripcount_ln70 = speclooptripcount void @_ssdm_op_SpecLoopTripCount, i64 4096, i64 4096, i64 4096" [/home/rourab/Auto_FastFlow_fpga/kernels_src/vadd/vadd.cpp:70]   --->   Operation 23 'speclooptripcount' 'speclooptripcount_ln70' <Predicate = true> <Delay = 0.00>
ST_3 : Operation 24 [1/1] (0.00ns)   --->   "%specloopname_ln69 = specloopname void @_ssdm_op_SpecLoopName, void @empty_17" [/home/rourab/Auto_FastFlow_fpga/kernels_src/vadd/vadd.cpp:69]   --->   Operation 24 'specloopname' 'specloopname_ln69' <Predicate = true> <Delay = 0.00>
ST_3 : Operation 25 [1/1] (2.43ns)   --->   "%write_ln71 = write void @_ssdm_op_Write.m_axi.p1i32, i32 %gmem0_addr, i32 %out_stream_read, i4 15" [/home/rourab/Auto_FastFlow_fpga/kernels_src/vadd/vadd.cpp:71]   --->   Operation 25 'write' 'write_ln71' <Predicate = true> <Delay = 2.43> <CoreInst = "m_axi">   --->   Core 121 'm_axi' <Latency = 0> <II = 1> <Delay = 1.00> <Adapter> <Opcode : 'read' 'write' 'readreq' 'writereq' 'writeresp'>
ST_3 : Operation 26 [1/1] (0.00ns)   --->   "%br_ln69 = br void %for.inc.i" [/home/rourab/Auto_FastFlow_fpga/kernels_src/vadd/vadd.cpp:69]   --->   Operation 26 'br' 'br_ln69' <Predicate = true> <Delay = 0.00>


============================================================
+ Verbose Summary: Timing violations
============================================================
Target clock period: 3.333ns, clock uncertainty: 0.900ns.

 <State 1>: 1.267ns
The critical path consists of the following:
	'alloca' operation ('i') [5]  (0.000 ns)
	'load' operation ('i_load', /home/rourab/Auto_FastFlow_fpga/kernels_src/vadd/vadd.cpp:69) on local variable 'i' [14]  (0.000 ns)
	'add' operation ('add_ln69', /home/rourab/Auto_FastFlow_fpga/kernels_src/vadd/vadd.cpp:69) [19]  (0.874 ns)
	'store' operation ('store_ln69', /home/rourab/Auto_FastFlow_fpga/kernels_src/vadd/vadd.cpp:69) of variable 'add_ln69', /home/rourab/Auto_FastFlow_fpga/kernels_src/vadd/vadd.cpp:69 on local variable 'i' [26]  (0.387 ns)
	blocking operation 0.0059375 ns on control path)

 <State 2>: 1.217ns
The critical path consists of the following:
	fifo read operation ('out_stream_read', /home/rourab/Auto_FastFlow_fpga/kernels_src/vadd/vadd.cpp:71) on port 'out_stream' (/home/rourab/Auto_FastFlow_fpga/kernels_src/vadd/vadd.cpp:71) [24]  (1.217 ns)

 <State 3>: 2.433ns
The critical path consists of the following:
	bus write operation ('write_ln71', /home/rourab/Auto_FastFlow_fpga/kernels_src/vadd/vadd.cpp:71) on port 'gmem0' (/home/rourab/Auto_FastFlow_fpga/kernels_src/vadd/vadd.cpp:71) [25]  (2.433 ns)


============================================================
+ Verbose Summary: Binding
============================================================
N/A
* FSMD analyzer results:
  - Output states:
 - Input state : 
  - Chain level:
	State 1
	State 2
	State 3


============================================================
+ Verbose Summary: Datapath Resource usage 
============================================================
N/A
