/home/rourab/Auto_FastFlow_fpga/kernels_src/vinc/vinc.cpp:45:9: warning: HLS pragma dump _XLX_SEP_ PragmaIsValid=1_XLX_SEP_ PragmaType=loop_tripcount_XLX_SEP_ PragmaContext=_XLX_SEP_ PragmaFunction=load_input_XLX_SEP_ PragmaOptions=min = c_size max = c_size_XLX_SEP_ [-Wdump-hls-pragmas]
#pragma HLS LOOP_TRIPCOUNT min = c_size max = c_size
        ^
/home/rourab/Auto_FastFlow_fpga/kernels_src/vinc/vinc.cpp:55:9: warning: HLS pragma dump _XLX_SEP_ PragmaIsValid=1_XLX_SEP_ PragmaType=loop_tripcount_XLX_SEP_ PragmaContext=_XLX_SEP_ PragmaFunction=compute_inc_XLX_SEP_ PragmaOptions=min = c_size max = c_size_XLX_SEP_ [-Wdump-hls-pragmas]
#pragma HLS LOOP_TRIPCOUNT min = c_size max = c_size
        ^
/home/rourab/Auto_FastFlow_fpga/kernels_src/vinc/vinc.cpp:63:9: warning: HLS pragma dump _XLX_SEP_ PragmaIsValid=1_XLX_SEP_ PragmaType=loop_tripcount_XLX_SEP_ PragmaContext=_XLX_SEP_ PragmaFunction=store_result_XLX_SEP_ PragmaOptions=min = c_size max = c_size_XLX_SEP_ [-Wdump-hls-pragmas]
#pragma HLS LOOP_TRIPCOUNT min = c_size max = c_size
        ^
/home/rourab/Auto_FastFlow_fpga/auto_fast_flow/vinc/vinc/vinc.tcl:23:9: warning: HLS pragma dump _XLX_SEP_ PragmaIsValid=1_XLX_SEP_ PragmaType=top_XLX_SEP_ PragmaContext=directive_XLX_SEP_ PragmaFunction=vinc_XLX_SEP_ PragmaOptions=name=vinc_XLX_SEP_ [-Wdump-hls-pragmas]
#pragma HLSDIRECTIVE TOP name=vinc
        ^
/home/rourab/Auto_FastFlow_fpga/kernels_src/vinc/vinc.cpp:80:9: warning: HLS pragma dump _XLX_SEP_ PragmaIsValid=1_XLX_SEP_ PragmaType=interface_XLX_SEP_ PragmaContext=_XLX_SEP_ PragmaFunction=vinc_XLX_SEP_ PragmaOptions=m_axi port = in1 bundle = gmem0_XLX_SEP_ [-Wdump-hls-pragmas]
#pragma HLS INTERFACE m_axi port = in1 bundle = gmem0
        ^
/home/rourab/Auto_FastFlow_fpga/kernels_src/vinc/vinc.cpp:81:9: warning: HLS pragma dump _XLX_SEP_ PragmaIsValid=1_XLX_SEP_ PragmaType=interface_XLX_SEP_ PragmaContext=_XLX_SEP_ PragmaFunction=vinc_XLX_SEP_ PragmaOptions=m_axi port = out bundle = gmem0_XLX_SEP_ [-Wdump-hls-pragmas]
#pragma HLS INTERFACE m_axi port = out bundle = gmem0
        ^
/home/rourab/Auto_FastFlow_fpga/kernels_src/vinc/vinc.cpp:86:9: warning: HLS pragma dump _XLX_SEP_ PragmaIsValid=1_XLX_SEP_ PragmaType=dataflow_XLX_SEP_ PragmaContext=_XLX_SEP_ PragmaFunction=vinc_XLX_SEP_ PragmaOptions=_XLX_SEP_ [-Wdump-hls-pragmas]
#pragma HLS dataflow
        ^
7 warnings generated.
