

================================================================
== Vitis HLS Report for 'load_input_1'
================================================================
* Date:           Tue May  7 18:00:55 2024

* Version:        2023.1 (Build 3854077 on May  4 2023)
* Project:        vmul2
* Solution:       solution (Vitis Kernel Flow Target)
* Product family: virtexuplusHBM
* Target device:  xcu50-fsvh2104-2-e


================================================================
== Performance Estimates
================================================================
+ Timing: 
    * Summary: 
    +--------+---------+----------+------------+
    |  Clock |  Target | Estimated| Uncertainty|
    +--------+---------+----------+------------+
    |ap_clk  |  3.33 ns|  2.433 ns|     0.90 ns|
    +--------+---------+----------+------------+

+ Latency: 
    * Summary: 
    +---------+---------+-----------+-----------+------+------+---------+
    |  Latency (cycles) |   Latency (absolute)  |   Interval  | Pipeline|
    |   min   |   max   |    min    |    max    |  min |  max |   Type  |
    +---------+---------+-----------+-----------+------+------+---------+
    |     4170|     4170|  13.899 us|  13.899 us|  4170|  4170|       no|
    +---------+---------+-----------+-----------+------+------+---------+

    + Detail: 
        * Instance: 
        N/A

        * Loop: 
        +----------+---------+---------+----------+-----------+-----------+------+----------+
        |          |  Latency (cycles) | Iteration|  Initiation Interval  | Trip |          |
        | Loop Name|   min   |   max   |  Latency |  achieved |   target  | Count| Pipelined|
        +----------+---------+---------+----------+-----------+-----------+------+----------+
        |- mem_rd  |     4168|     4168|        74|          1|          1|  4096|       yes|
        +----------+---------+---------+----------+-----------+-----------+------+----------+



================================================================
== Utilization Estimates
================================================================
* Summary: 
+---------------------+---------+------+---------+--------+-----+
|         Name        | BRAM_18K|  DSP |    FF   |   LUT  | URAM|
+---------------------+---------+------+---------+--------+-----+
|DSP                  |        -|     -|        -|       -|    -|
|Expression           |        -|     -|        0|     163|    -|
|FIFO                 |        -|     -|        -|       -|    -|
|Instance             |        -|     -|        -|       -|    -|
|Memory               |        -|     -|        -|       -|    -|
|Multiplexer          |        -|     -|        -|      63|    -|
|Register             |        -|     -|      371|      32|    -|
+---------------------+---------+------+---------+--------+-----+
|Total                |        0|     0|      371|     258|    0|
+---------------------+---------+------+---------+--------+-----+
|Available SLR        |     1344|  2976|   871680|  435840|  320|
+---------------------+---------+------+---------+--------+-----+
|Utilization SLR (%)  |        0|     0|       ~0|      ~0|    0|
+---------------------+---------+------+---------+--------+-----+
|Available            |     2688|  5952|  1743360|  871680|  640|
+---------------------+---------+------+---------+--------+-----+
|Utilization (%)      |        0|     0|       ~0|      ~0|    0|
+---------------------+---------+------+---------+--------+-----+

+ Detail: 
    * Instance: 
    N/A

    * DSP: 
    N/A

    * Memory: 
    N/A

    * FIFO: 
    N/A

    * Expression: 
    +------------------------------------+----------+----+---+----+------------+------------+
    |            Variable Name           | Operation| DSP| FF| LUT| Bitwidth P0| Bitwidth P1|
    +------------------------------------+----------+----+---+----+------------+------------+
    |add_ln48_fu_172_p2                  |         +|   0|  0|  38|          31|           1|
    |ap_block_state2_io                  |       and|   0|  0|   2|           1|           1|
    |ap_block_state73_pp0_stage0_iter72  |       and|   0|  0|   2|           1|           1|
    |ap_block_state74_pp0_stage0_iter73  |       and|   0|  0|   2|           1|           1|
    |ap_condition_756                    |       and|   0|  0|   2|           1|           1|
    |ap_condition_982                    |       and|   0|  0|   2|           1|           1|
    |icmp_ln48_1_fu_166_p2               |      icmp|   0|  0|  39|          32|          32|
    |icmp_ln48_fu_116_p2                 |      icmp|   0|  0|  39|          32|           1|
    |ap_block_pp0_stage0_01001           |        or|   0|  0|   2|           1|           1|
    |ap_block_pp0_stage0_11001           |        or|   0|  0|   2|           1|           1|
    |empty_35_fu_142_p3                  |    select|   0|  0|  31|           1|          31|
    |ap_enable_pp0                       |       xor|   0|  0|   2|           1|           2|
    +------------------------------------+----------+----+---+----+------------+------------+
    |Total                               |          |   0|  0| 163|         104|          74|
    +------------------------------------+----------+----+---+----+------------+------------+

    * Multiplexer: 
    +-------------------------+----+-----------+-----+-----------+
    |           Name          | LUT| Input Size| Bits| Total Bits|
    +-------------------------+----+-----------+-----+-----------+
    |ap_done_int              |   9|          2|    1|          2|
    |ap_enable_reg_pp0_iter1  |   9|          2|    1|          2|
    |ap_sig_allocacmp_i_load  |   9|          2|   31|         62|
    |gmem1_blk_n_AR           |   9|          2|    1|          2|
    |gmem1_blk_n_R            |   9|          2|    1|          2|
    |i_fu_66                  |   9|          2|   31|         62|
    |in2_stream_blk_n         |   9|          2|    1|          2|
    +-------------------------+----+-----------+-----+-----------+
    |Total                    |  63|         14|   67|        134|
    +-------------------------+----+-----------+-----+-----------+

    * Register: 
    +-----------------------------------+----+----+-----+-----------+
    |                Name               | FF | LUT| Bits| Const Bits|
    +-----------------------------------+----+----+-----+-----------+
    |ap_CS_fsm                          |   1|   0|    1|          0|
    |ap_done_reg                        |   1|   0|    1|          0|
    |ap_enable_reg_pp0_iter1            |   1|   0|    1|          0|
    |ap_enable_reg_pp0_iter10           |   1|   0|    1|          0|
    |ap_enable_reg_pp0_iter11           |   1|   0|    1|          0|
    |ap_enable_reg_pp0_iter12           |   1|   0|    1|          0|
    |ap_enable_reg_pp0_iter13           |   1|   0|    1|          0|
    |ap_enable_reg_pp0_iter14           |   1|   0|    1|          0|
    |ap_enable_reg_pp0_iter15           |   1|   0|    1|          0|
    |ap_enable_reg_pp0_iter16           |   1|   0|    1|          0|
    |ap_enable_reg_pp0_iter17           |   1|   0|    1|          0|
    |ap_enable_reg_pp0_iter18           |   1|   0|    1|          0|
    |ap_enable_reg_pp0_iter19           |   1|   0|    1|          0|
    |ap_enable_reg_pp0_iter2            |   1|   0|    1|          0|
    |ap_enable_reg_pp0_iter20           |   1|   0|    1|          0|
    |ap_enable_reg_pp0_iter21           |   1|   0|    1|          0|
    |ap_enable_reg_pp0_iter22           |   1|   0|    1|          0|
    |ap_enable_reg_pp0_iter23           |   1|   0|    1|          0|
    |ap_enable_reg_pp0_iter24           |   1|   0|    1|          0|
    |ap_enable_reg_pp0_iter25           |   1|   0|    1|          0|
    |ap_enable_reg_pp0_iter26           |   1|   0|    1|          0|
    |ap_enable_reg_pp0_iter27           |   1|   0|    1|          0|
    |ap_enable_reg_pp0_iter28           |   1|   0|    1|          0|
    |ap_enable_reg_pp0_iter29           |   1|   0|    1|          0|
    |ap_enable_reg_pp0_iter3            |   1|   0|    1|          0|
    |ap_enable_reg_pp0_iter30           |   1|   0|    1|          0|
    |ap_enable_reg_pp0_iter31           |   1|   0|    1|          0|
    |ap_enable_reg_pp0_iter32           |   1|   0|    1|          0|
    |ap_enable_reg_pp0_iter33           |   1|   0|    1|          0|
    |ap_enable_reg_pp0_iter34           |   1|   0|    1|          0|
    |ap_enable_reg_pp0_iter35           |   1|   0|    1|          0|
    |ap_enable_reg_pp0_iter36           |   1|   0|    1|          0|
    |ap_enable_reg_pp0_iter37           |   1|   0|    1|          0|
    |ap_enable_reg_pp0_iter38           |   1|   0|    1|          0|
    |ap_enable_reg_pp0_iter39           |   1|   0|    1|          0|
    |ap_enable_reg_pp0_iter4            |   1|   0|    1|          0|
    |ap_enable_reg_pp0_iter40           |   1|   0|    1|          0|
    |ap_enable_reg_pp0_iter41           |   1|   0|    1|          0|
    |ap_enable_reg_pp0_iter42           |   1|   0|    1|          0|
    |ap_enable_reg_pp0_iter43           |   1|   0|    1|          0|
    |ap_enable_reg_pp0_iter44           |   1|   0|    1|          0|
    |ap_enable_reg_pp0_iter45           |   1|   0|    1|          0|
    |ap_enable_reg_pp0_iter46           |   1|   0|    1|          0|
    |ap_enable_reg_pp0_iter47           |   1|   0|    1|          0|
    |ap_enable_reg_pp0_iter48           |   1|   0|    1|          0|
    |ap_enable_reg_pp0_iter49           |   1|   0|    1|          0|
    |ap_enable_reg_pp0_iter5            |   1|   0|    1|          0|
    |ap_enable_reg_pp0_iter50           |   1|   0|    1|          0|
    |ap_enable_reg_pp0_iter51           |   1|   0|    1|          0|
    |ap_enable_reg_pp0_iter52           |   1|   0|    1|          0|
    |ap_enable_reg_pp0_iter53           |   1|   0|    1|          0|
    |ap_enable_reg_pp0_iter54           |   1|   0|    1|          0|
    |ap_enable_reg_pp0_iter55           |   1|   0|    1|          0|
    |ap_enable_reg_pp0_iter56           |   1|   0|    1|          0|
    |ap_enable_reg_pp0_iter57           |   1|   0|    1|          0|
    |ap_enable_reg_pp0_iter58           |   1|   0|    1|          0|
    |ap_enable_reg_pp0_iter59           |   1|   0|    1|          0|
    |ap_enable_reg_pp0_iter6            |   1|   0|    1|          0|
    |ap_enable_reg_pp0_iter60           |   1|   0|    1|          0|
    |ap_enable_reg_pp0_iter61           |   1|   0|    1|          0|
    |ap_enable_reg_pp0_iter62           |   1|   0|    1|          0|
    |ap_enable_reg_pp0_iter63           |   1|   0|    1|          0|
    |ap_enable_reg_pp0_iter64           |   1|   0|    1|          0|
    |ap_enable_reg_pp0_iter65           |   1|   0|    1|          0|
    |ap_enable_reg_pp0_iter66           |   1|   0|    1|          0|
    |ap_enable_reg_pp0_iter67           |   1|   0|    1|          0|
    |ap_enable_reg_pp0_iter68           |   1|   0|    1|          0|
    |ap_enable_reg_pp0_iter69           |   1|   0|    1|          0|
    |ap_enable_reg_pp0_iter7            |   1|   0|    1|          0|
    |ap_enable_reg_pp0_iter70           |   1|   0|    1|          0|
    |ap_enable_reg_pp0_iter71           |   1|   0|    1|          0|
    |ap_enable_reg_pp0_iter72           |   1|   0|    1|          0|
    |ap_enable_reg_pp0_iter73           |   1|   0|    1|          0|
    |ap_enable_reg_pp0_iter8            |   1|   0|    1|          0|
    |ap_enable_reg_pp0_iter9            |   1|   0|    1|          0|
    |ap_loop_exit_ready_pp0_iter10_reg  |   1|   0|    1|          0|
    |ap_loop_exit_ready_pp0_iter11_reg  |   1|   0|    1|          0|
    |ap_loop_exit_ready_pp0_iter12_reg  |   1|   0|    1|          0|
    |ap_loop_exit_ready_pp0_iter13_reg  |   1|   0|    1|          0|
    |ap_loop_exit_ready_pp0_iter14_reg  |   1|   0|    1|          0|
    |ap_loop_exit_ready_pp0_iter15_reg  |   1|   0|    1|          0|
    |ap_loop_exit_ready_pp0_iter16_reg  |   1|   0|    1|          0|
    |ap_loop_exit_ready_pp0_iter17_reg  |   1|   0|    1|          0|
    |ap_loop_exit_ready_pp0_iter18_reg  |   1|   0|    1|          0|
    |ap_loop_exit_ready_pp0_iter19_reg  |   1|   0|    1|          0|
    |ap_loop_exit_ready_pp0_iter1_reg   |   1|   0|    1|          0|
    |ap_loop_exit_ready_pp0_iter20_reg  |   1|   0|    1|          0|
    |ap_loop_exit_ready_pp0_iter21_reg  |   1|   0|    1|          0|
    |ap_loop_exit_ready_pp0_iter22_reg  |   1|   0|    1|          0|
    |ap_loop_exit_ready_pp0_iter23_reg  |   1|   0|    1|          0|
    |ap_loop_exit_ready_pp0_iter24_reg  |   1|   0|    1|          0|
    |ap_loop_exit_ready_pp0_iter25_reg  |   1|   0|    1|          0|
    |ap_loop_exit_ready_pp0_iter26_reg  |   1|   0|    1|          0|
    |ap_loop_exit_ready_pp0_iter27_reg  |   1|   0|    1|          0|
    |ap_loop_exit_ready_pp0_iter28_reg  |   1|   0|    1|          0|
    |ap_loop_exit_ready_pp0_iter29_reg  |   1|   0|    1|          0|
    |ap_loop_exit_ready_pp0_iter2_reg   |   1|   0|    1|          0|
    |ap_loop_exit_ready_pp0_iter30_reg  |   1|   0|    1|          0|
    |ap_loop_exit_ready_pp0_iter31_reg  |   1|   0|    1|          0|
    |ap_loop_exit_ready_pp0_iter32_reg  |   1|   0|    1|          0|
    |ap_loop_exit_ready_pp0_iter33_reg  |   1|   0|    1|          0|
    |ap_loop_exit_ready_pp0_iter34_reg  |   1|   0|    1|          0|
    |ap_loop_exit_ready_pp0_iter35_reg  |   1|   0|    1|          0|
    |ap_loop_exit_ready_pp0_iter36_reg  |   1|   0|    1|          0|
    |ap_loop_exit_ready_pp0_iter37_reg  |   1|   0|    1|          0|
    |ap_loop_exit_ready_pp0_iter38_reg  |   1|   0|    1|          0|
    |ap_loop_exit_ready_pp0_iter39_reg  |   1|   0|    1|          0|
    |ap_loop_exit_ready_pp0_iter3_reg   |   1|   0|    1|          0|
    |ap_loop_exit_ready_pp0_iter40_reg  |   1|   0|    1|          0|
    |ap_loop_exit_ready_pp0_iter41_reg  |   1|   0|    1|          0|
    |ap_loop_exit_ready_pp0_iter42_reg  |   1|   0|    1|          0|
    |ap_loop_exit_ready_pp0_iter43_reg  |   1|   0|    1|          0|
    |ap_loop_exit_ready_pp0_iter44_reg  |   1|   0|    1|          0|
    |ap_loop_exit_ready_pp0_iter45_reg  |   1|   0|    1|          0|
    |ap_loop_exit_ready_pp0_iter46_reg  |   1|   0|    1|          0|
    |ap_loop_exit_ready_pp0_iter47_reg  |   1|   0|    1|          0|
    |ap_loop_exit_ready_pp0_iter48_reg  |   1|   0|    1|          0|
    |ap_loop_exit_ready_pp0_iter49_reg  |   1|   0|    1|          0|
    |ap_loop_exit_ready_pp0_iter4_reg   |   1|   0|    1|          0|
    |ap_loop_exit_ready_pp0_iter50_reg  |   1|   0|    1|          0|
    |ap_loop_exit_ready_pp0_iter51_reg  |   1|   0|    1|          0|
    |ap_loop_exit_ready_pp0_iter52_reg  |   1|   0|    1|          0|
    |ap_loop_exit_ready_pp0_iter53_reg  |   1|   0|    1|          0|
    |ap_loop_exit_ready_pp0_iter54_reg  |   1|   0|    1|          0|
    |ap_loop_exit_ready_pp0_iter55_reg  |   1|   0|    1|          0|
    |ap_loop_exit_ready_pp0_iter56_reg  |   1|   0|    1|          0|
    |ap_loop_exit_ready_pp0_iter57_reg  |   1|   0|    1|          0|
    |ap_loop_exit_ready_pp0_iter58_reg  |   1|   0|    1|          0|
    |ap_loop_exit_ready_pp0_iter59_reg  |   1|   0|    1|          0|
    |ap_loop_exit_ready_pp0_iter5_reg   |   1|   0|    1|          0|
    |ap_loop_exit_ready_pp0_iter60_reg  |   1|   0|    1|          0|
    |ap_loop_exit_ready_pp0_iter61_reg  |   1|   0|    1|          0|
    |ap_loop_exit_ready_pp0_iter62_reg  |   1|   0|    1|          0|
    |ap_loop_exit_ready_pp0_iter63_reg  |   1|   0|    1|          0|
    |ap_loop_exit_ready_pp0_iter64_reg  |   1|   0|    1|          0|
    |ap_loop_exit_ready_pp0_iter65_reg  |   1|   0|    1|          0|
    |ap_loop_exit_ready_pp0_iter66_reg  |   1|   0|    1|          0|
    |ap_loop_exit_ready_pp0_iter67_reg  |   1|   0|    1|          0|
    |ap_loop_exit_ready_pp0_iter68_reg  |   1|   0|    1|          0|
    |ap_loop_exit_ready_pp0_iter69_reg  |   1|   0|    1|          0|
    |ap_loop_exit_ready_pp0_iter6_reg   |   1|   0|    1|          0|
    |ap_loop_exit_ready_pp0_iter70_reg  |   1|   0|    1|          0|
    |ap_loop_exit_ready_pp0_iter71_reg  |   1|   0|    1|          0|
    |ap_loop_exit_ready_pp0_iter72_reg  |   1|   0|    1|          0|
    |ap_loop_exit_ready_pp0_iter7_reg   |   1|   0|    1|          0|
    |ap_loop_exit_ready_pp0_iter8_reg   |   1|   0|    1|          0|
    |ap_loop_exit_ready_pp0_iter9_reg   |   1|   0|    1|          0|
    |first_iter_0_reg_100               |   1|   0|    1|          0|
    |gmem1_addr_read_reg_205            |  32|   0|   32|          0|
    |gmem1_addr_reg_190                 |  64|   0|   64|          0|
    |i_fu_66                            |  31|   0|   31|          0|
    |icmp_ln48_1_reg_201                |   1|   0|    1|          0|
    |zext_ln48_reg_196                  |  31|   0|   32|          1|
    |icmp_ln48_1_reg_201                |  64|  32|    1|          0|
    +-----------------------------------+----+----+-----+-----------+
    |Total                              | 371|  32|  309|          1|
    +-----------------------------------+----+----+-----+-----------+



================================================================
== Interface
================================================================
* Summary: 
+---------------------------+-----+-----+------------+--------------+--------------+
|         RTL Ports         | Dir | Bits|  Protocol  | Source Object|    C Type    |
+---------------------------+-----+-----+------------+--------------+--------------+
|ap_clk                     |   in|    1|  ap_ctrl_hs|  load_input.1|  return value|
|ap_rst                     |   in|    1|  ap_ctrl_hs|  load_input.1|  return value|
|ap_start                   |   in|    1|  ap_ctrl_hs|  load_input.1|  return value|
|ap_done                    |  out|    1|  ap_ctrl_hs|  load_input.1|  return value|
|ap_continue                |   in|    1|  ap_ctrl_hs|  load_input.1|  return value|
|ap_idle                    |  out|    1|  ap_ctrl_hs|  load_input.1|  return value|
|ap_ready                   |  out|    1|  ap_ctrl_hs|  load_input.1|  return value|
|m_axi_gmem1_AWVALID        |  out|    1|       m_axi|         gmem1|       pointer|
|m_axi_gmem1_AWREADY        |   in|    1|       m_axi|         gmem1|       pointer|
|m_axi_gmem1_AWADDR         |  out|   64|       m_axi|         gmem1|       pointer|
|m_axi_gmem1_AWID           |  out|    1|       m_axi|         gmem1|       pointer|
|m_axi_gmem1_AWLEN          |  out|   32|       m_axi|         gmem1|       pointer|
|m_axi_gmem1_AWSIZE         |  out|    3|       m_axi|         gmem1|       pointer|
|m_axi_gmem1_AWBURST        |  out|    2|       m_axi|         gmem1|       pointer|
|m_axi_gmem1_AWLOCK         |  out|    2|       m_axi|         gmem1|       pointer|
|m_axi_gmem1_AWCACHE        |  out|    4|       m_axi|         gmem1|       pointer|
|m_axi_gmem1_AWPROT         |  out|    3|       m_axi|         gmem1|       pointer|
|m_axi_gmem1_AWQOS          |  out|    4|       m_axi|         gmem1|       pointer|
|m_axi_gmem1_AWREGION       |  out|    4|       m_axi|         gmem1|       pointer|
|m_axi_gmem1_AWUSER         |  out|    1|       m_axi|         gmem1|       pointer|
|m_axi_gmem1_WVALID         |  out|    1|       m_axi|         gmem1|       pointer|
|m_axi_gmem1_WREADY         |   in|    1|       m_axi|         gmem1|       pointer|
|m_axi_gmem1_WDATA          |  out|   32|       m_axi|         gmem1|       pointer|
|m_axi_gmem1_WSTRB          |  out|    4|       m_axi|         gmem1|       pointer|
|m_axi_gmem1_WLAST          |  out|    1|       m_axi|         gmem1|       pointer|
|m_axi_gmem1_WID            |  out|    1|       m_axi|         gmem1|       pointer|
|m_axi_gmem1_WUSER          |  out|    1|       m_axi|         gmem1|       pointer|
|m_axi_gmem1_ARVALID        |  out|    1|       m_axi|         gmem1|       pointer|
|m_axi_gmem1_ARREADY        |   in|    1|       m_axi|         gmem1|       pointer|
|m_axi_gmem1_ARADDR         |  out|   64|       m_axi|         gmem1|       pointer|
|m_axi_gmem1_ARID           |  out|    1|       m_axi|         gmem1|       pointer|
|m_axi_gmem1_ARLEN          |  out|   32|       m_axi|         gmem1|       pointer|
|m_axi_gmem1_ARSIZE         |  out|    3|       m_axi|         gmem1|       pointer|
|m_axi_gmem1_ARBURST        |  out|    2|       m_axi|         gmem1|       pointer|
|m_axi_gmem1_ARLOCK         |  out|    2|       m_axi|         gmem1|       pointer|
|m_axi_gmem1_ARCACHE        |  out|    4|       m_axi|         gmem1|       pointer|
|m_axi_gmem1_ARPROT         |  out|    3|       m_axi|         gmem1|       pointer|
|m_axi_gmem1_ARQOS          |  out|    4|       m_axi|         gmem1|       pointer|
|m_axi_gmem1_ARREGION       |  out|    4|       m_axi|         gmem1|       pointer|
|m_axi_gmem1_ARUSER         |  out|    1|       m_axi|         gmem1|       pointer|
|m_axi_gmem1_RVALID         |   in|    1|       m_axi|         gmem1|       pointer|
|m_axi_gmem1_RREADY         |  out|    1|       m_axi|         gmem1|       pointer|
|m_axi_gmem1_RDATA          |   in|   32|       m_axi|         gmem1|       pointer|
|m_axi_gmem1_RLAST          |   in|    1|       m_axi|         gmem1|       pointer|
|m_axi_gmem1_RID            |   in|    1|       m_axi|         gmem1|       pointer|
|m_axi_gmem1_RFIFONUM       |   in|    9|       m_axi|         gmem1|       pointer|
|m_axi_gmem1_RUSER          |   in|    1|       m_axi|         gmem1|       pointer|
|m_axi_gmem1_RRESP          |   in|    2|       m_axi|         gmem1|       pointer|
|m_axi_gmem1_BVALID         |   in|    1|       m_axi|         gmem1|       pointer|
|m_axi_gmem1_BREADY         |  out|    1|       m_axi|         gmem1|       pointer|
|m_axi_gmem1_BRESP          |   in|    2|       m_axi|         gmem1|       pointer|
|m_axi_gmem1_BID            |   in|    1|       m_axi|         gmem1|       pointer|
|m_axi_gmem1_BUSER          |   in|    1|       m_axi|         gmem1|       pointer|
|in2_stream_din             |  out|   32|     ap_fifo|    in2_stream|       pointer|
|in2_stream_num_data_valid  |   in|    2|     ap_fifo|    in2_stream|       pointer|
|in2_stream_fifo_cap        |   in|    2|     ap_fifo|    in2_stream|       pointer|
|in2_stream_full_n          |   in|    1|     ap_fifo|    in2_stream|       pointer|
|in2_stream_write           |  out|    1|     ap_fifo|    in2_stream|       pointer|
|in_r                       |   in|   64|     ap_none|          in_r|        scalar|
|size                       |   in|   32|     ap_none|          size|        scalar|
+---------------------------+-----+-----+------------+--------------+--------------+

============================================================
+ Verbose Summary: Synthesis Manager
============================================================
InlineROM: 1
ExposeGlobal: 0
============================================================
+ Verbose Summary: CDFG Model
============================================================
IsTopModel: 0
ResetActiveHigh: 1
IsCombinational: 2
IsDatapathOnly: 0
HasWiredReturn: 1
HasMFsm: 2
HasVarLatency: 1
IsPipeline: 0
IsRtlPipelined: 0
IsInstanceOverlapped: 0
IsDontTouch: 0
HasImplIP: 0
IsGatedGlobalClock: 0

+ Individual pipeline summary: 
  * Pipeline-0: initiation interval (II) = 1, depth = 74


============================================================
+ Verbose Summary: Schedule
============================================================
* Number of FSM states : 74
* Pipeline : 1
  Pipeline-0 : II = 1, D = 74, States = { 1 2 3 4 5 6 7 8 9 10 11 12 13 14 15 16 17 18 19 20 21 22 23 24 25 26 27 28 29 30 31 32 33 34 35 36 37 38 39 40 41 42 43 44 45 46 47 48 49 50 51 52 53 54 55 56 57 58 59 60 61 62 63 64 65 66 67 68 69 70 71 72 73 74 }
* Dataflow Pipeline: 0

* FSM state transitions: 
1 --> 2 
2 --> 3 
3 --> 4 
4 --> 5 
5 --> 6 
6 --> 7 
7 --> 8 
8 --> 9 
9 --> 10 
10 --> 11 
11 --> 12 
12 --> 13 
13 --> 14 
14 --> 15 
15 --> 16 
16 --> 17 
17 --> 18 
18 --> 19 
19 --> 20 
20 --> 21 
21 --> 22 
22 --> 23 
23 --> 24 
24 --> 25 
25 --> 26 
26 --> 27 
27 --> 28 
28 --> 29 
29 --> 30 
30 --> 31 
31 --> 32 
32 --> 33 
33 --> 34 
34 --> 35 
35 --> 36 
36 --> 37 
37 --> 38 
38 --> 39 
39 --> 40 
40 --> 41 
41 --> 42 
42 --> 43 
43 --> 44 
44 --> 45 
45 --> 46 
46 --> 47 
47 --> 48 
48 --> 49 
49 --> 50 
50 --> 51 
51 --> 52 
52 --> 53 
53 --> 54 
54 --> 55 
55 --> 56 
56 --> 57 
57 --> 58 
58 --> 59 
59 --> 60 
60 --> 61 
61 --> 62 
62 --> 63 
63 --> 64 
64 --> 65 
65 --> 66 
66 --> 67 
67 --> 68 
68 --> 69 
69 --> 70 
70 --> 71 
71 --> 72 
72 --> 73 
73 --> 74 
74 --> 

* FSM state operations: 

State 1 <SV = 0> <Delay = 1.26>
ST_1 : Operation 77 [1/1] (0.00ns)   --->   "%i = alloca i32 1"   --->   Operation 77 'alloca' 'i' <Predicate = true> <Delay = 0.00>
ST_1 : Operation 78 [1/1] (0.00ns)   --->   "%specinterface_ln0 = specinterface void @_ssdm_op_SpecInterface, i32 %in2_stream, void @empty_6, i32 0, i32 0, void @empty_3, i32 0, i32 0, void @empty_3, void @empty_3, void @empty_3, i32 0, i32 0, i32 0, i32 0, void @empty_3, void @empty_3, i32 4294967295, i32 0"   --->   Operation 78 'specinterface' 'specinterface_ln0' <Predicate = true> <Delay = 0.00>
ST_1 : Operation 79 [1/1] (0.00ns)   --->   "%specinterface_ln0 = specinterface void @_ssdm_op_SpecInterface, i32 %in2_stream, void @empty_6, i32 0, i32 0, void @empty_3, i32 0, i32 0, void @empty_3, void @empty_3, void @empty_3, i32 0, i32 0, i32 0, i32 0, void @empty_3, void @empty_3, i32 4294967295, i32 0"   --->   Operation 79 'specinterface' 'specinterface_ln0' <Predicate = true> <Delay = 0.00>
ST_1 : Operation 80 [1/1] (0.00ns)   --->   "%specinterface_ln0 = specinterface void @_ssdm_op_SpecInterface, i32 %in2_stream, void @empty_6, i32 0, i32 0, void @empty_3, i32 0, i32 0, void @empty_3, void @empty_3, void @empty_3, i32 0, i32 0, i32 0, i32 0, void @empty_3, void @empty_3, i32 4294967295, i32 0"   --->   Operation 80 'specinterface' 'specinterface_ln0' <Predicate = true> <Delay = 0.00>
ST_1 : Operation 81 [1/1] (0.00ns)   --->   "%size_read = read i32 @_ssdm_op_Read.ap_auto.i32, i32 %size"   --->   Operation 81 'read' 'size_read' <Predicate = true> <Delay = 0.00>
ST_1 : Operation 82 [1/1] (0.00ns)   --->   "%in_read = read i64 @_ssdm_op_Read.ap_auto.i64, i64 %in_r"   --->   Operation 82 'read' 'in_read' <Predicate = true> <Delay = 0.00>
ST_1 : Operation 83 [1/1] (0.00ns)   --->   "%empty = trunc i32 %size_read"   --->   Operation 83 'trunc' 'empty' <Predicate = true> <Delay = 0.00>
ST_1 : Operation 84 [1/1] (0.00ns)   --->   "%specinterface_ln0 = specinterface void @_ssdm_op_SpecInterface, i32 %in2_stream, void @empty_6, i32 0, i32 0, void @empty_3, i32 0, i32 0, void @empty_3, void @empty_3, void @empty_3, i32 0, i32 0, i32 0, i32 0, void @empty_3, void @empty_3, i32 4294967295, i32 0"   --->   Operation 84 'specinterface' 'specinterface_ln0' <Predicate = true> <Delay = 0.00>
ST_1 : Operation 85 [1/1] (0.00ns)   --->   "%specinterface_ln0 = specinterface void @_ssdm_op_SpecInterface, i32 %gmem1, void @empty_1, i32 0, i32 0, void @empty_3, i32 64, i32 0, void @empty_9, void @empty_10, void @empty_3, i32 16, i32 16, i32 16, i32 16, void @empty_3, void @empty_3, i32 4294967295, i32 0"   --->   Operation 85 'specinterface' 'specinterface_ln0' <Predicate = true> <Delay = 0.00>
ST_1 : Operation 86 [1/1] (0.88ns)   --->   "%icmp_ln48 = icmp_sgt  i32 %size_read, i32 0" [/home/rourab/Auto_FastFlow_fpga/kernels_src/vmul2/vmul2.cpp:48]   --->   Operation 86 'icmp' 'icmp_ln48' <Predicate = true> <Delay = 0.88> <CoreInst = "Cmp">   --->   Core 9 'Cmp' <Latency = 0> <II = 1> <Delay = 0.88> <FuncUnit> <Opcode : 'icmp'> <InPorts = 2> <OutPorts = 1>
ST_1 : Operation 87 [1/1] (0.00ns)   --->   "%trunc_ln = partselect i62 @_ssdm_op_PartSelect.i62.i64.i32.i32, i64 %in_read, i32 2, i32 63" [/home/rourab/Auto_FastFlow_fpga/kernels_src/vmul2/vmul2.cpp:48]   --->   Operation 87 'partselect' 'trunc_ln' <Predicate = true> <Delay = 0.00>
ST_1 : Operation 88 [1/1] (0.00ns)   --->   "%sext_ln48 = sext i62 %trunc_ln" [/home/rourab/Auto_FastFlow_fpga/kernels_src/vmul2/vmul2.cpp:48]   --->   Operation 88 'sext' 'sext_ln48' <Predicate = true> <Delay = 0.00>
ST_1 : Operation 89 [1/1] (0.00ns)   --->   "%gmem1_addr = getelementptr i32 %gmem1, i64 %sext_ln48" [/home/rourab/Auto_FastFlow_fpga/kernels_src/vmul2/vmul2.cpp:48]   --->   Operation 89 'getelementptr' 'gmem1_addr' <Predicate = true> <Delay = 0.00>
ST_1 : Operation 90 [1/1] (0.25ns)   --->   "%empty_35 = select i1 %icmp_ln48, i31 %empty, i31 0" [/home/rourab/Auto_FastFlow_fpga/kernels_src/vmul2/vmul2.cpp:48]   --->   Operation 90 'select' 'empty_35' <Predicate = true> <Delay = 0.25> <CoreInst = "Sel">   --->   Core 73 'Sel' <Latency = 0> <II = 1> <Delay = 0.25> <FuncUnit> <Opcode : 'select'> <InPorts = 3> <OutPorts = 1>
ST_1 : Operation 91 [1/1] (0.00ns)   --->   "%zext_ln48 = zext i31 %empty_35" [/home/rourab/Auto_FastFlow_fpga/kernels_src/vmul2/vmul2.cpp:48]   --->   Operation 91 'zext' 'zext_ln48' <Predicate = true> <Delay = 0.00>
ST_1 : Operation 92 [1/1] (0.38ns)   --->   "%store_ln48 = store i31 0, i31 %i" [/home/rourab/Auto_FastFlow_fpga/kernels_src/vmul2/vmul2.cpp:48]   --->   Operation 92 'store' 'store_ln48' <Predicate = true> <Delay = 0.38>
ST_1 : Operation 93 [1/1] (0.38ns)   --->   "%br_ln48 = br void %for.inc.i" [/home/rourab/Auto_FastFlow_fpga/kernels_src/vmul2/vmul2.cpp:48]   --->   Operation 93 'br' 'br_ln48' <Predicate = true> <Delay = 0.38>
ST_1 : Operation 94 [1/1] (0.00ns)   --->   "%first_iter_0 = phi i1 0, void %for.inc.split.i, i1 1, void %entry"   --->   Operation 94 'phi' 'first_iter_0' <Predicate = true> <Delay = 0.00>
ST_1 : Operation 95 [1/1] (0.00ns)   --->   "%i_load = load i31 %i"   --->   Operation 95 'load' 'i_load' <Predicate = true> <Delay = 0.00>
ST_1 : Operation 96 [1/1] (0.00ns)   --->   "%zext_ln46 = zext i31 %i_load" [/home/rourab/Auto_FastFlow_fpga/kernels_src/vmul2/vmul2.cpp:46]   --->   Operation 96 'zext' 'zext_ln46' <Predicate = true> <Delay = 0.00>
ST_1 : Operation 97 [1/1] (0.00ns)   --->   "%specpipeline_ln0 = specpipeline void @_ssdm_op_SpecPipeline, i32 4294967295, i32 0, i32 1, i32 0, void @p_str"   --->   Operation 97 'specpipeline' 'specpipeline_ln0' <Predicate = true> <Delay = 0.00>
ST_1 : Operation 98 [1/1] (0.88ns)   --->   "%icmp_ln48_1 = icmp_slt  i32 %zext_ln46, i32 %size_read" [/home/rourab/Auto_FastFlow_fpga/kernels_src/vmul2/vmul2.cpp:48]   --->   Operation 98 'icmp' 'icmp_ln48_1' <Predicate = true> <Delay = 0.88> <CoreInst = "Cmp">   --->   Core 9 'Cmp' <Latency = 0> <II = 1> <Delay = 0.88> <FuncUnit> <Opcode : 'icmp'> <InPorts = 2> <OutPorts = 1>
ST_1 : Operation 99 [1/1] (0.87ns)   --->   "%add_ln48 = add i31 %i_load, i31 1"   --->   Operation 99 'add' 'add_ln48' <Predicate = true> <Delay = 0.87> <CoreInst = "Adder">   --->   Core 1 'Adder' <Latency = 0> <II = 1> <Delay = 0.87> <FuncUnit> <Opcode : 'add' 'sub'> <InPorts = 2> <OutPorts = 1>
ST_1 : Operation 100 [1/1] (0.00ns)   --->   "%br_ln48 = br i1 %icmp_ln48_1, void %load_input.1.exit, void %new.body.for.inc.i" [/home/rourab/Auto_FastFlow_fpga/kernels_src/vmul2/vmul2.cpp:48]   --->   Operation 100 'br' 'br_ln48' <Predicate = true> <Delay = 0.00>
ST_1 : Operation 101 [1/1] (0.00ns)   --->   "%br_ln48 = br i1 %first_iter_0, void %for.inc.split.i, void %for.first.iter.for.inc.i" [/home/rourab/Auto_FastFlow_fpga/kernels_src/vmul2/vmul2.cpp:48]   --->   Operation 101 'br' 'br_ln48' <Predicate = (icmp_ln48_1)> <Delay = 0.00>
ST_1 : Operation 102 [1/1] (0.38ns)   --->   "%store_ln48 = store i31 %add_ln48, i31 %i" [/home/rourab/Auto_FastFlow_fpga/kernels_src/vmul2/vmul2.cpp:48]   --->   Operation 102 'store' 'store_ln48' <Predicate = (icmp_ln48_1)> <Delay = 0.38>
ST_1 : Operation 103 [1/1] (0.00ns)   --->   "%br_ln48 = br void %for.inc.i" [/home/rourab/Auto_FastFlow_fpga/kernels_src/vmul2/vmul2.cpp:48]   --->   Operation 103 'br' 'br_ln48' <Predicate = (icmp_ln48_1)> <Delay = 0.00>

State 2 <SV = 1> <Delay = 2.43>
ST_2 : Operation 104 [71/71] (2.43ns)   --->   "%empty_36 = readreq i1 @_ssdm_op_ReadReq.m_axi.p1i32, i64 %gmem1_addr, i32 %zext_ln48" [/home/rourab/Auto_FastFlow_fpga/kernels_src/vmul2/vmul2.cpp:48]   --->   Operation 104 'readreq' 'empty_36' <Predicate = (first_iter_0)> <Delay = 2.43> <CoreInst = "m_axi">   --->   Core 121 'm_axi' <Latency = 0> <II = 1> <Delay = 1.00> <Adapter> <Opcode : 'read' 'write' 'readreq' 'writereq' 'writeresp'>

State 3 <SV = 2> <Delay = 2.43>
ST_3 : Operation 105 [70/71] (2.43ns)   --->   "%empty_36 = readreq i1 @_ssdm_op_ReadReq.m_axi.p1i32, i64 %gmem1_addr, i32 %zext_ln48" [/home/rourab/Auto_FastFlow_fpga/kernels_src/vmul2/vmul2.cpp:48]   --->   Operation 105 'readreq' 'empty_36' <Predicate = (first_iter_0)> <Delay = 2.43> <CoreInst = "m_axi">   --->   Core 121 'm_axi' <Latency = 0> <II = 1> <Delay = 1.00> <Adapter> <Opcode : 'read' 'write' 'readreq' 'writereq' 'writeresp'>

State 4 <SV = 3> <Delay = 2.43>
ST_4 : Operation 106 [69/71] (2.43ns)   --->   "%empty_36 = readreq i1 @_ssdm_op_ReadReq.m_axi.p1i32, i64 %gmem1_addr, i32 %zext_ln48" [/home/rourab/Auto_FastFlow_fpga/kernels_src/vmul2/vmul2.cpp:48]   --->   Operation 106 'readreq' 'empty_36' <Predicate = (first_iter_0)> <Delay = 2.43> <CoreInst = "m_axi">   --->   Core 121 'm_axi' <Latency = 0> <II = 1> <Delay = 1.00> <Adapter> <Opcode : 'read' 'write' 'readreq' 'writereq' 'writeresp'>

State 5 <SV = 4> <Delay = 2.43>
ST_5 : Operation 107 [68/71] (2.43ns)   --->   "%empty_36 = readreq i1 @_ssdm_op_ReadReq.m_axi.p1i32, i64 %gmem1_addr, i32 %zext_ln48" [/home/rourab/Auto_FastFlow_fpga/kernels_src/vmul2/vmul2.cpp:48]   --->   Operation 107 'readreq' 'empty_36' <Predicate = (first_iter_0)> <Delay = 2.43> <CoreInst = "m_axi">   --->   Core 121 'm_axi' <Latency = 0> <II = 1> <Delay = 1.00> <Adapter> <Opcode : 'read' 'write' 'readreq' 'writereq' 'writeresp'>

State 6 <SV = 5> <Delay = 2.43>
ST_6 : Operation 108 [67/71] (2.43ns)   --->   "%empty_36 = readreq i1 @_ssdm_op_ReadReq.m_axi.p1i32, i64 %gmem1_addr, i32 %zext_ln48" [/home/rourab/Auto_FastFlow_fpga/kernels_src/vmul2/vmul2.cpp:48]   --->   Operation 108 'readreq' 'empty_36' <Predicate = (first_iter_0)> <Delay = 2.43> <CoreInst = "m_axi">   --->   Core 121 'm_axi' <Latency = 0> <II = 1> <Delay = 1.00> <Adapter> <Opcode : 'read' 'write' 'readreq' 'writereq' 'writeresp'>

State 7 <SV = 6> <Delay = 2.43>
ST_7 : Operation 109 [66/71] (2.43ns)   --->   "%empty_36 = readreq i1 @_ssdm_op_ReadReq.m_axi.p1i32, i64 %gmem1_addr, i32 %zext_ln48" [/home/rourab/Auto_FastFlow_fpga/kernels_src/vmul2/vmul2.cpp:48]   --->   Operation 109 'readreq' 'empty_36' <Predicate = (first_iter_0)> <Delay = 2.43> <CoreInst = "m_axi">   --->   Core 121 'm_axi' <Latency = 0> <II = 1> <Delay = 1.00> <Adapter> <Opcode : 'read' 'write' 'readreq' 'writereq' 'writeresp'>

State 8 <SV = 7> <Delay = 2.43>
ST_8 : Operation 110 [65/71] (2.43ns)   --->   "%empty_36 = readreq i1 @_ssdm_op_ReadReq.m_axi.p1i32, i64 %gmem1_addr, i32 %zext_ln48" [/home/rourab/Auto_FastFlow_fpga/kernels_src/vmul2/vmul2.cpp:48]   --->   Operation 110 'readreq' 'empty_36' <Predicate = (first_iter_0)> <Delay = 2.43> <CoreInst = "m_axi">   --->   Core 121 'm_axi' <Latency = 0> <II = 1> <Delay = 1.00> <Adapter> <Opcode : 'read' 'write' 'readreq' 'writereq' 'writeresp'>

State 9 <SV = 8> <Delay = 2.43>
ST_9 : Operation 111 [64/71] (2.43ns)   --->   "%empty_36 = readreq i1 @_ssdm_op_ReadReq.m_axi.p1i32, i64 %gmem1_addr, i32 %zext_ln48" [/home/rourab/Auto_FastFlow_fpga/kernels_src/vmul2/vmul2.cpp:48]   --->   Operation 111 'readreq' 'empty_36' <Predicate = (first_iter_0)> <Delay = 2.43> <CoreInst = "m_axi">   --->   Core 121 'm_axi' <Latency = 0> <II = 1> <Delay = 1.00> <Adapter> <Opcode : 'read' 'write' 'readreq' 'writereq' 'writeresp'>

State 10 <SV = 9> <Delay = 2.43>
ST_10 : Operation 112 [63/71] (2.43ns)   --->   "%empty_36 = readreq i1 @_ssdm_op_ReadReq.m_axi.p1i32, i64 %gmem1_addr, i32 %zext_ln48" [/home/rourab/Auto_FastFlow_fpga/kernels_src/vmul2/vmul2.cpp:48]   --->   Operation 112 'readreq' 'empty_36' <Predicate = (first_iter_0)> <Delay = 2.43> <CoreInst = "m_axi">   --->   Core 121 'm_axi' <Latency = 0> <II = 1> <Delay = 1.00> <Adapter> <Opcode : 'read' 'write' 'readreq' 'writereq' 'writeresp'>

State 11 <SV = 10> <Delay = 2.43>
ST_11 : Operation 113 [62/71] (2.43ns)   --->   "%empty_36 = readreq i1 @_ssdm_op_ReadReq.m_axi.p1i32, i64 %gmem1_addr, i32 %zext_ln48" [/home/rourab/Auto_FastFlow_fpga/kernels_src/vmul2/vmul2.cpp:48]   --->   Operation 113 'readreq' 'empty_36' <Predicate = (first_iter_0)> <Delay = 2.43> <CoreInst = "m_axi">   --->   Core 121 'm_axi' <Latency = 0> <II = 1> <Delay = 1.00> <Adapter> <Opcode : 'read' 'write' 'readreq' 'writereq' 'writeresp'>

State 12 <SV = 11> <Delay = 2.43>
ST_12 : Operation 114 [61/71] (2.43ns)   --->   "%empty_36 = readreq i1 @_ssdm_op_ReadReq.m_axi.p1i32, i64 %gmem1_addr, i32 %zext_ln48" [/home/rourab/Auto_FastFlow_fpga/kernels_src/vmul2/vmul2.cpp:48]   --->   Operation 114 'readreq' 'empty_36' <Predicate = (first_iter_0)> <Delay = 2.43> <CoreInst = "m_axi">   --->   Core 121 'm_axi' <Latency = 0> <II = 1> <Delay = 1.00> <Adapter> <Opcode : 'read' 'write' 'readreq' 'writereq' 'writeresp'>

State 13 <SV = 12> <Delay = 2.43>
ST_13 : Operation 115 [60/71] (2.43ns)   --->   "%empty_36 = readreq i1 @_ssdm_op_ReadReq.m_axi.p1i32, i64 %gmem1_addr, i32 %zext_ln48" [/home/rourab/Auto_FastFlow_fpga/kernels_src/vmul2/vmul2.cpp:48]   --->   Operation 115 'readreq' 'empty_36' <Predicate = (first_iter_0)> <Delay = 2.43> <CoreInst = "m_axi">   --->   Core 121 'm_axi' <Latency = 0> <II = 1> <Delay = 1.00> <Adapter> <Opcode : 'read' 'write' 'readreq' 'writereq' 'writeresp'>

State 14 <SV = 13> <Delay = 2.43>
ST_14 : Operation 116 [59/71] (2.43ns)   --->   "%empty_36 = readreq i1 @_ssdm_op_ReadReq.m_axi.p1i32, i64 %gmem1_addr, i32 %zext_ln48" [/home/rourab/Auto_FastFlow_fpga/kernels_src/vmul2/vmul2.cpp:48]   --->   Operation 116 'readreq' 'empty_36' <Predicate = (first_iter_0)> <Delay = 2.43> <CoreInst = "m_axi">   --->   Core 121 'm_axi' <Latency = 0> <II = 1> <Delay = 1.00> <Adapter> <Opcode : 'read' 'write' 'readreq' 'writereq' 'writeresp'>

State 15 <SV = 14> <Delay = 2.43>
ST_15 : Operation 117 [58/71] (2.43ns)   --->   "%empty_36 = readreq i1 @_ssdm_op_ReadReq.m_axi.p1i32, i64 %gmem1_addr, i32 %zext_ln48" [/home/rourab/Auto_FastFlow_fpga/kernels_src/vmul2/vmul2.cpp:48]   --->   Operation 117 'readreq' 'empty_36' <Predicate = (first_iter_0)> <Delay = 2.43> <CoreInst = "m_axi">   --->   Core 121 'm_axi' <Latency = 0> <II = 1> <Delay = 1.00> <Adapter> <Opcode : 'read' 'write' 'readreq' 'writereq' 'writeresp'>

State 16 <SV = 15> <Delay = 2.43>
ST_16 : Operation 118 [57/71] (2.43ns)   --->   "%empty_36 = readreq i1 @_ssdm_op_ReadReq.m_axi.p1i32, i64 %gmem1_addr, i32 %zext_ln48" [/home/rourab/Auto_FastFlow_fpga/kernels_src/vmul2/vmul2.cpp:48]   --->   Operation 118 'readreq' 'empty_36' <Predicate = (first_iter_0)> <Delay = 2.43> <CoreInst = "m_axi">   --->   Core 121 'm_axi' <Latency = 0> <II = 1> <Delay = 1.00> <Adapter> <Opcode : 'read' 'write' 'readreq' 'writereq' 'writeresp'>

State 17 <SV = 16> <Delay = 2.43>
ST_17 : Operation 119 [56/71] (2.43ns)   --->   "%empty_36 = readreq i1 @_ssdm_op_ReadReq.m_axi.p1i32, i64 %gmem1_addr, i32 %zext_ln48" [/home/rourab/Auto_FastFlow_fpga/kernels_src/vmul2/vmul2.cpp:48]   --->   Operation 119 'readreq' 'empty_36' <Predicate = (first_iter_0)> <Delay = 2.43> <CoreInst = "m_axi">   --->   Core 121 'm_axi' <Latency = 0> <II = 1> <Delay = 1.00> <Adapter> <Opcode : 'read' 'write' 'readreq' 'writereq' 'writeresp'>

State 18 <SV = 17> <Delay = 2.43>
ST_18 : Operation 120 [55/71] (2.43ns)   --->   "%empty_36 = readreq i1 @_ssdm_op_ReadReq.m_axi.p1i32, i64 %gmem1_addr, i32 %zext_ln48" [/home/rourab/Auto_FastFlow_fpga/kernels_src/vmul2/vmul2.cpp:48]   --->   Operation 120 'readreq' 'empty_36' <Predicate = (first_iter_0)> <Delay = 2.43> <CoreInst = "m_axi">   --->   Core 121 'm_axi' <Latency = 0> <II = 1> <Delay = 1.00> <Adapter> <Opcode : 'read' 'write' 'readreq' 'writereq' 'writeresp'>

State 19 <SV = 18> <Delay = 2.43>
ST_19 : Operation 121 [54/71] (2.43ns)   --->   "%empty_36 = readreq i1 @_ssdm_op_ReadReq.m_axi.p1i32, i64 %gmem1_addr, i32 %zext_ln48" [/home/rourab/Auto_FastFlow_fpga/kernels_src/vmul2/vmul2.cpp:48]   --->   Operation 121 'readreq' 'empty_36' <Predicate = (first_iter_0)> <Delay = 2.43> <CoreInst = "m_axi">   --->   Core 121 'm_axi' <Latency = 0> <II = 1> <Delay = 1.00> <Adapter> <Opcode : 'read' 'write' 'readreq' 'writereq' 'writeresp'>

State 20 <SV = 19> <Delay = 2.43>
ST_20 : Operation 122 [53/71] (2.43ns)   --->   "%empty_36 = readreq i1 @_ssdm_op_ReadReq.m_axi.p1i32, i64 %gmem1_addr, i32 %zext_ln48" [/home/rourab/Auto_FastFlow_fpga/kernels_src/vmul2/vmul2.cpp:48]   --->   Operation 122 'readreq' 'empty_36' <Predicate = (first_iter_0)> <Delay = 2.43> <CoreInst = "m_axi">   --->   Core 121 'm_axi' <Latency = 0> <II = 1> <Delay = 1.00> <Adapter> <Opcode : 'read' 'write' 'readreq' 'writereq' 'writeresp'>

State 21 <SV = 20> <Delay = 2.43>
ST_21 : Operation 123 [52/71] (2.43ns)   --->   "%empty_36 = readreq i1 @_ssdm_op_ReadReq.m_axi.p1i32, i64 %gmem1_addr, i32 %zext_ln48" [/home/rourab/Auto_FastFlow_fpga/kernels_src/vmul2/vmul2.cpp:48]   --->   Operation 123 'readreq' 'empty_36' <Predicate = (first_iter_0)> <Delay = 2.43> <CoreInst = "m_axi">   --->   Core 121 'm_axi' <Latency = 0> <II = 1> <Delay = 1.00> <Adapter> <Opcode : 'read' 'write' 'readreq' 'writereq' 'writeresp'>

State 22 <SV = 21> <Delay = 2.43>
ST_22 : Operation 124 [51/71] (2.43ns)   --->   "%empty_36 = readreq i1 @_ssdm_op_ReadReq.m_axi.p1i32, i64 %gmem1_addr, i32 %zext_ln48" [/home/rourab/Auto_FastFlow_fpga/kernels_src/vmul2/vmul2.cpp:48]   --->   Operation 124 'readreq' 'empty_36' <Predicate = (first_iter_0)> <Delay = 2.43> <CoreInst = "m_axi">   --->   Core 121 'm_axi' <Latency = 0> <II = 1> <Delay = 1.00> <Adapter> <Opcode : 'read' 'write' 'readreq' 'writereq' 'writeresp'>

State 23 <SV = 22> <Delay = 2.43>
ST_23 : Operation 125 [50/71] (2.43ns)   --->   "%empty_36 = readreq i1 @_ssdm_op_ReadReq.m_axi.p1i32, i64 %gmem1_addr, i32 %zext_ln48" [/home/rourab/Auto_FastFlow_fpga/kernels_src/vmul2/vmul2.cpp:48]   --->   Operation 125 'readreq' 'empty_36' <Predicate = (first_iter_0)> <Delay = 2.43> <CoreInst = "m_axi">   --->   Core 121 'm_axi' <Latency = 0> <II = 1> <Delay = 1.00> <Adapter> <Opcode : 'read' 'write' 'readreq' 'writereq' 'writeresp'>

State 24 <SV = 23> <Delay = 2.43>
ST_24 : Operation 126 [49/71] (2.43ns)   --->   "%empty_36 = readreq i1 @_ssdm_op_ReadReq.m_axi.p1i32, i64 %gmem1_addr, i32 %zext_ln48" [/home/rourab/Auto_FastFlow_fpga/kernels_src/vmul2/vmul2.cpp:48]   --->   Operation 126 'readreq' 'empty_36' <Predicate = (first_iter_0)> <Delay = 2.43> <CoreInst = "m_axi">   --->   Core 121 'm_axi' <Latency = 0> <II = 1> <Delay = 1.00> <Adapter> <Opcode : 'read' 'write' 'readreq' 'writereq' 'writeresp'>

State 25 <SV = 24> <Delay = 2.43>
ST_25 : Operation 127 [48/71] (2.43ns)   --->   "%empty_36 = readreq i1 @_ssdm_op_ReadReq.m_axi.p1i32, i64 %gmem1_addr, i32 %zext_ln48" [/home/rourab/Auto_FastFlow_fpga/kernels_src/vmul2/vmul2.cpp:48]   --->   Operation 127 'readreq' 'empty_36' <Predicate = (first_iter_0)> <Delay = 2.43> <CoreInst = "m_axi">   --->   Core 121 'm_axi' <Latency = 0> <II = 1> <Delay = 1.00> <Adapter> <Opcode : 'read' 'write' 'readreq' 'writereq' 'writeresp'>

State 26 <SV = 25> <Delay = 2.43>
ST_26 : Operation 128 [47/71] (2.43ns)   --->   "%empty_36 = readreq i1 @_ssdm_op_ReadReq.m_axi.p1i32, i64 %gmem1_addr, i32 %zext_ln48" [/home/rourab/Auto_FastFlow_fpga/kernels_src/vmul2/vmul2.cpp:48]   --->   Operation 128 'readreq' 'empty_36' <Predicate = (first_iter_0)> <Delay = 2.43> <CoreInst = "m_axi">   --->   Core 121 'm_axi' <Latency = 0> <II = 1> <Delay = 1.00> <Adapter> <Opcode : 'read' 'write' 'readreq' 'writereq' 'writeresp'>

State 27 <SV = 26> <Delay = 2.43>
ST_27 : Operation 129 [46/71] (2.43ns)   --->   "%empty_36 = readreq i1 @_ssdm_op_ReadReq.m_axi.p1i32, i64 %gmem1_addr, i32 %zext_ln48" [/home/rourab/Auto_FastFlow_fpga/kernels_src/vmul2/vmul2.cpp:48]   --->   Operation 129 'readreq' 'empty_36' <Predicate = (first_iter_0)> <Delay = 2.43> <CoreInst = "m_axi">   --->   Core 121 'm_axi' <Latency = 0> <II = 1> <Delay = 1.00> <Adapter> <Opcode : 'read' 'write' 'readreq' 'writereq' 'writeresp'>

State 28 <SV = 27> <Delay = 2.43>
ST_28 : Operation 130 [45/71] (2.43ns)   --->   "%empty_36 = readreq i1 @_ssdm_op_ReadReq.m_axi.p1i32, i64 %gmem1_addr, i32 %zext_ln48" [/home/rourab/Auto_FastFlow_fpga/kernels_src/vmul2/vmul2.cpp:48]   --->   Operation 130 'readreq' 'empty_36' <Predicate = (first_iter_0)> <Delay = 2.43> <CoreInst = "m_axi">   --->   Core 121 'm_axi' <Latency = 0> <II = 1> <Delay = 1.00> <Adapter> <Opcode : 'read' 'write' 'readreq' 'writereq' 'writeresp'>

State 29 <SV = 28> <Delay = 2.43>
ST_29 : Operation 131 [44/71] (2.43ns)   --->   "%empty_36 = readreq i1 @_ssdm_op_ReadReq.m_axi.p1i32, i64 %gmem1_addr, i32 %zext_ln48" [/home/rourab/Auto_FastFlow_fpga/kernels_src/vmul2/vmul2.cpp:48]   --->   Operation 131 'readreq' 'empty_36' <Predicate = (first_iter_0)> <Delay = 2.43> <CoreInst = "m_axi">   --->   Core 121 'm_axi' <Latency = 0> <II = 1> <Delay = 1.00> <Adapter> <Opcode : 'read' 'write' 'readreq' 'writereq' 'writeresp'>

State 30 <SV = 29> <Delay = 2.43>
ST_30 : Operation 132 [43/71] (2.43ns)   --->   "%empty_36 = readreq i1 @_ssdm_op_ReadReq.m_axi.p1i32, i64 %gmem1_addr, i32 %zext_ln48" [/home/rourab/Auto_FastFlow_fpga/kernels_src/vmul2/vmul2.cpp:48]   --->   Operation 132 'readreq' 'empty_36' <Predicate = (first_iter_0)> <Delay = 2.43> <CoreInst = "m_axi">   --->   Core 121 'm_axi' <Latency = 0> <II = 1> <Delay = 1.00> <Adapter> <Opcode : 'read' 'write' 'readreq' 'writereq' 'writeresp'>

State 31 <SV = 30> <Delay = 2.43>
ST_31 : Operation 133 [42/71] (2.43ns)   --->   "%empty_36 = readreq i1 @_ssdm_op_ReadReq.m_axi.p1i32, i64 %gmem1_addr, i32 %zext_ln48" [/home/rourab/Auto_FastFlow_fpga/kernels_src/vmul2/vmul2.cpp:48]   --->   Operation 133 'readreq' 'empty_36' <Predicate = (first_iter_0)> <Delay = 2.43> <CoreInst = "m_axi">   --->   Core 121 'm_axi' <Latency = 0> <II = 1> <Delay = 1.00> <Adapter> <Opcode : 'read' 'write' 'readreq' 'writereq' 'writeresp'>

State 32 <SV = 31> <Delay = 2.43>
ST_32 : Operation 134 [41/71] (2.43ns)   --->   "%empty_36 = readreq i1 @_ssdm_op_ReadReq.m_axi.p1i32, i64 %gmem1_addr, i32 %zext_ln48" [/home/rourab/Auto_FastFlow_fpga/kernels_src/vmul2/vmul2.cpp:48]   --->   Operation 134 'readreq' 'empty_36' <Predicate = (first_iter_0)> <Delay = 2.43> <CoreInst = "m_axi">   --->   Core 121 'm_axi' <Latency = 0> <II = 1> <Delay = 1.00> <Adapter> <Opcode : 'read' 'write' 'readreq' 'writereq' 'writeresp'>

State 33 <SV = 32> <Delay = 2.43>
ST_33 : Operation 135 [40/71] (2.43ns)   --->   "%empty_36 = readreq i1 @_ssdm_op_ReadReq.m_axi.p1i32, i64 %gmem1_addr, i32 %zext_ln48" [/home/rourab/Auto_FastFlow_fpga/kernels_src/vmul2/vmul2.cpp:48]   --->   Operation 135 'readreq' 'empty_36' <Predicate = (first_iter_0)> <Delay = 2.43> <CoreInst = "m_axi">   --->   Core 121 'm_axi' <Latency = 0> <II = 1> <Delay = 1.00> <Adapter> <Opcode : 'read' 'write' 'readreq' 'writereq' 'writeresp'>

State 34 <SV = 33> <Delay = 2.43>
ST_34 : Operation 136 [39/71] (2.43ns)   --->   "%empty_36 = readreq i1 @_ssdm_op_ReadReq.m_axi.p1i32, i64 %gmem1_addr, i32 %zext_ln48" [/home/rourab/Auto_FastFlow_fpga/kernels_src/vmul2/vmul2.cpp:48]   --->   Operation 136 'readreq' 'empty_36' <Predicate = (first_iter_0)> <Delay = 2.43> <CoreInst = "m_axi">   --->   Core 121 'm_axi' <Latency = 0> <II = 1> <Delay = 1.00> <Adapter> <Opcode : 'read' 'write' 'readreq' 'writereq' 'writeresp'>

State 35 <SV = 34> <Delay = 2.43>
ST_35 : Operation 137 [38/71] (2.43ns)   --->   "%empty_36 = readreq i1 @_ssdm_op_ReadReq.m_axi.p1i32, i64 %gmem1_addr, i32 %zext_ln48" [/home/rourab/Auto_FastFlow_fpga/kernels_src/vmul2/vmul2.cpp:48]   --->   Operation 137 'readreq' 'empty_36' <Predicate = (first_iter_0)> <Delay = 2.43> <CoreInst = "m_axi">   --->   Core 121 'm_axi' <Latency = 0> <II = 1> <Delay = 1.00> <Adapter> <Opcode : 'read' 'write' 'readreq' 'writereq' 'writeresp'>

State 36 <SV = 35> <Delay = 2.43>
ST_36 : Operation 138 [37/71] (2.43ns)   --->   "%empty_36 = readreq i1 @_ssdm_op_ReadReq.m_axi.p1i32, i64 %gmem1_addr, i32 %zext_ln48" [/home/rourab/Auto_FastFlow_fpga/kernels_src/vmul2/vmul2.cpp:48]   --->   Operation 138 'readreq' 'empty_36' <Predicate = (first_iter_0)> <Delay = 2.43> <CoreInst = "m_axi">   --->   Core 121 'm_axi' <Latency = 0> <II = 1> <Delay = 1.00> <Adapter> <Opcode : 'read' 'write' 'readreq' 'writereq' 'writeresp'>

State 37 <SV = 36> <Delay = 2.43>
ST_37 : Operation 139 [36/71] (2.43ns)   --->   "%empty_36 = readreq i1 @_ssdm_op_ReadReq.m_axi.p1i32, i64 %gmem1_addr, i32 %zext_ln48" [/home/rourab/Auto_FastFlow_fpga/kernels_src/vmul2/vmul2.cpp:48]   --->   Operation 139 'readreq' 'empty_36' <Predicate = (first_iter_0)> <Delay = 2.43> <CoreInst = "m_axi">   --->   Core 121 'm_axi' <Latency = 0> <II = 1> <Delay = 1.00> <Adapter> <Opcode : 'read' 'write' 'readreq' 'writereq' 'writeresp'>

State 38 <SV = 37> <Delay = 2.43>
ST_38 : Operation 140 [35/71] (2.43ns)   --->   "%empty_36 = readreq i1 @_ssdm_op_ReadReq.m_axi.p1i32, i64 %gmem1_addr, i32 %zext_ln48" [/home/rourab/Auto_FastFlow_fpga/kernels_src/vmul2/vmul2.cpp:48]   --->   Operation 140 'readreq' 'empty_36' <Predicate = (first_iter_0)> <Delay = 2.43> <CoreInst = "m_axi">   --->   Core 121 'm_axi' <Latency = 0> <II = 1> <Delay = 1.00> <Adapter> <Opcode : 'read' 'write' 'readreq' 'writereq' 'writeresp'>

State 39 <SV = 38> <Delay = 2.43>
ST_39 : Operation 141 [34/71] (2.43ns)   --->   "%empty_36 = readreq i1 @_ssdm_op_ReadReq.m_axi.p1i32, i64 %gmem1_addr, i32 %zext_ln48" [/home/rourab/Auto_FastFlow_fpga/kernels_src/vmul2/vmul2.cpp:48]   --->   Operation 141 'readreq' 'empty_36' <Predicate = (first_iter_0)> <Delay = 2.43> <CoreInst = "m_axi">   --->   Core 121 'm_axi' <Latency = 0> <II = 1> <Delay = 1.00> <Adapter> <Opcode : 'read' 'write' 'readreq' 'writereq' 'writeresp'>

State 40 <SV = 39> <Delay = 2.43>
ST_40 : Operation 142 [33/71] (2.43ns)   --->   "%empty_36 = readreq i1 @_ssdm_op_ReadReq.m_axi.p1i32, i64 %gmem1_addr, i32 %zext_ln48" [/home/rourab/Auto_FastFlow_fpga/kernels_src/vmul2/vmul2.cpp:48]   --->   Operation 142 'readreq' 'empty_36' <Predicate = (first_iter_0)> <Delay = 2.43> <CoreInst = "m_axi">   --->   Core 121 'm_axi' <Latency = 0> <II = 1> <Delay = 1.00> <Adapter> <Opcode : 'read' 'write' 'readreq' 'writereq' 'writeresp'>

State 41 <SV = 40> <Delay = 2.43>
ST_41 : Operation 143 [32/71] (2.43ns)   --->   "%empty_36 = readreq i1 @_ssdm_op_ReadReq.m_axi.p1i32, i64 %gmem1_addr, i32 %zext_ln48" [/home/rourab/Auto_FastFlow_fpga/kernels_src/vmul2/vmul2.cpp:48]   --->   Operation 143 'readreq' 'empty_36' <Predicate = (first_iter_0)> <Delay = 2.43> <CoreInst = "m_axi">   --->   Core 121 'm_axi' <Latency = 0> <II = 1> <Delay = 1.00> <Adapter> <Opcode : 'read' 'write' 'readreq' 'writereq' 'writeresp'>

State 42 <SV = 41> <Delay = 2.43>
ST_42 : Operation 144 [31/71] (2.43ns)   --->   "%empty_36 = readreq i1 @_ssdm_op_ReadReq.m_axi.p1i32, i64 %gmem1_addr, i32 %zext_ln48" [/home/rourab/Auto_FastFlow_fpga/kernels_src/vmul2/vmul2.cpp:48]   --->   Operation 144 'readreq' 'empty_36' <Predicate = (first_iter_0)> <Delay = 2.43> <CoreInst = "m_axi">   --->   Core 121 'm_axi' <Latency = 0> <II = 1> <Delay = 1.00> <Adapter> <Opcode : 'read' 'write' 'readreq' 'writereq' 'writeresp'>

State 43 <SV = 42> <Delay = 2.43>
ST_43 : Operation 145 [30/71] (2.43ns)   --->   "%empty_36 = readreq i1 @_ssdm_op_ReadReq.m_axi.p1i32, i64 %gmem1_addr, i32 %zext_ln48" [/home/rourab/Auto_FastFlow_fpga/kernels_src/vmul2/vmul2.cpp:48]   --->   Operation 145 'readreq' 'empty_36' <Predicate = (first_iter_0)> <Delay = 2.43> <CoreInst = "m_axi">   --->   Core 121 'm_axi' <Latency = 0> <II = 1> <Delay = 1.00> <Adapter> <Opcode : 'read' 'write' 'readreq' 'writereq' 'writeresp'>

State 44 <SV = 43> <Delay = 2.43>
ST_44 : Operation 146 [29/71] (2.43ns)   --->   "%empty_36 = readreq i1 @_ssdm_op_ReadReq.m_axi.p1i32, i64 %gmem1_addr, i32 %zext_ln48" [/home/rourab/Auto_FastFlow_fpga/kernels_src/vmul2/vmul2.cpp:48]   --->   Operation 146 'readreq' 'empty_36' <Predicate = (first_iter_0)> <Delay = 2.43> <CoreInst = "m_axi">   --->   Core 121 'm_axi' <Latency = 0> <II = 1> <Delay = 1.00> <Adapter> <Opcode : 'read' 'write' 'readreq' 'writereq' 'writeresp'>

State 45 <SV = 44> <Delay = 2.43>
ST_45 : Operation 147 [28/71] (2.43ns)   --->   "%empty_36 = readreq i1 @_ssdm_op_ReadReq.m_axi.p1i32, i64 %gmem1_addr, i32 %zext_ln48" [/home/rourab/Auto_FastFlow_fpga/kernels_src/vmul2/vmul2.cpp:48]   --->   Operation 147 'readreq' 'empty_36' <Predicate = (first_iter_0)> <Delay = 2.43> <CoreInst = "m_axi">   --->   Core 121 'm_axi' <Latency = 0> <II = 1> <Delay = 1.00> <Adapter> <Opcode : 'read' 'write' 'readreq' 'writereq' 'writeresp'>

State 46 <SV = 45> <Delay = 2.43>
ST_46 : Operation 148 [27/71] (2.43ns)   --->   "%empty_36 = readreq i1 @_ssdm_op_ReadReq.m_axi.p1i32, i64 %gmem1_addr, i32 %zext_ln48" [/home/rourab/Auto_FastFlow_fpga/kernels_src/vmul2/vmul2.cpp:48]   --->   Operation 148 'readreq' 'empty_36' <Predicate = (first_iter_0)> <Delay = 2.43> <CoreInst = "m_axi">   --->   Core 121 'm_axi' <Latency = 0> <II = 1> <Delay = 1.00> <Adapter> <Opcode : 'read' 'write' 'readreq' 'writereq' 'writeresp'>

State 47 <SV = 46> <Delay = 2.43>
ST_47 : Operation 149 [26/71] (2.43ns)   --->   "%empty_36 = readreq i1 @_ssdm_op_ReadReq.m_axi.p1i32, i64 %gmem1_addr, i32 %zext_ln48" [/home/rourab/Auto_FastFlow_fpga/kernels_src/vmul2/vmul2.cpp:48]   --->   Operation 149 'readreq' 'empty_36' <Predicate = (first_iter_0)> <Delay = 2.43> <CoreInst = "m_axi">   --->   Core 121 'm_axi' <Latency = 0> <II = 1> <Delay = 1.00> <Adapter> <Opcode : 'read' 'write' 'readreq' 'writereq' 'writeresp'>

State 48 <SV = 47> <Delay = 2.43>
ST_48 : Operation 150 [25/71] (2.43ns)   --->   "%empty_36 = readreq i1 @_ssdm_op_ReadReq.m_axi.p1i32, i64 %gmem1_addr, i32 %zext_ln48" [/home/rourab/Auto_FastFlow_fpga/kernels_src/vmul2/vmul2.cpp:48]   --->   Operation 150 'readreq' 'empty_36' <Predicate = (first_iter_0)> <Delay = 2.43> <CoreInst = "m_axi">   --->   Core 121 'm_axi' <Latency = 0> <II = 1> <Delay = 1.00> <Adapter> <Opcode : 'read' 'write' 'readreq' 'writereq' 'writeresp'>

State 49 <SV = 48> <Delay = 2.43>
ST_49 : Operation 151 [24/71] (2.43ns)   --->   "%empty_36 = readreq i1 @_ssdm_op_ReadReq.m_axi.p1i32, i64 %gmem1_addr, i32 %zext_ln48" [/home/rourab/Auto_FastFlow_fpga/kernels_src/vmul2/vmul2.cpp:48]   --->   Operation 151 'readreq' 'empty_36' <Predicate = (first_iter_0)> <Delay = 2.43> <CoreInst = "m_axi">   --->   Core 121 'm_axi' <Latency = 0> <II = 1> <Delay = 1.00> <Adapter> <Opcode : 'read' 'write' 'readreq' 'writereq' 'writeresp'>

State 50 <SV = 49> <Delay = 2.43>
ST_50 : Operation 152 [23/71] (2.43ns)   --->   "%empty_36 = readreq i1 @_ssdm_op_ReadReq.m_axi.p1i32, i64 %gmem1_addr, i32 %zext_ln48" [/home/rourab/Auto_FastFlow_fpga/kernels_src/vmul2/vmul2.cpp:48]   --->   Operation 152 'readreq' 'empty_36' <Predicate = (first_iter_0)> <Delay = 2.43> <CoreInst = "m_axi">   --->   Core 121 'm_axi' <Latency = 0> <II = 1> <Delay = 1.00> <Adapter> <Opcode : 'read' 'write' 'readreq' 'writereq' 'writeresp'>

State 51 <SV = 50> <Delay = 2.43>
ST_51 : Operation 153 [22/71] (2.43ns)   --->   "%empty_36 = readreq i1 @_ssdm_op_ReadReq.m_axi.p1i32, i64 %gmem1_addr, i32 %zext_ln48" [/home/rourab/Auto_FastFlow_fpga/kernels_src/vmul2/vmul2.cpp:48]   --->   Operation 153 'readreq' 'empty_36' <Predicate = (first_iter_0)> <Delay = 2.43> <CoreInst = "m_axi">   --->   Core 121 'm_axi' <Latency = 0> <II = 1> <Delay = 1.00> <Adapter> <Opcode : 'read' 'write' 'readreq' 'writereq' 'writeresp'>

State 52 <SV = 51> <Delay = 2.43>
ST_52 : Operation 154 [21/71] (2.43ns)   --->   "%empty_36 = readreq i1 @_ssdm_op_ReadReq.m_axi.p1i32, i64 %gmem1_addr, i32 %zext_ln48" [/home/rourab/Auto_FastFlow_fpga/kernels_src/vmul2/vmul2.cpp:48]   --->   Operation 154 'readreq' 'empty_36' <Predicate = (first_iter_0)> <Delay = 2.43> <CoreInst = "m_axi">   --->   Core 121 'm_axi' <Latency = 0> <II = 1> <Delay = 1.00> <Adapter> <Opcode : 'read' 'write' 'readreq' 'writereq' 'writeresp'>

State 53 <SV = 52> <Delay = 2.43>
ST_53 : Operation 155 [20/71] (2.43ns)   --->   "%empty_36 = readreq i1 @_ssdm_op_ReadReq.m_axi.p1i32, i64 %gmem1_addr, i32 %zext_ln48" [/home/rourab/Auto_FastFlow_fpga/kernels_src/vmul2/vmul2.cpp:48]   --->   Operation 155 'readreq' 'empty_36' <Predicate = (first_iter_0)> <Delay = 2.43> <CoreInst = "m_axi">   --->   Core 121 'm_axi' <Latency = 0> <II = 1> <Delay = 1.00> <Adapter> <Opcode : 'read' 'write' 'readreq' 'writereq' 'writeresp'>

State 54 <SV = 53> <Delay = 2.43>
ST_54 : Operation 156 [19/71] (2.43ns)   --->   "%empty_36 = readreq i1 @_ssdm_op_ReadReq.m_axi.p1i32, i64 %gmem1_addr, i32 %zext_ln48" [/home/rourab/Auto_FastFlow_fpga/kernels_src/vmul2/vmul2.cpp:48]   --->   Operation 156 'readreq' 'empty_36' <Predicate = (first_iter_0)> <Delay = 2.43> <CoreInst = "m_axi">   --->   Core 121 'm_axi' <Latency = 0> <II = 1> <Delay = 1.00> <Adapter> <Opcode : 'read' 'write' 'readreq' 'writereq' 'writeresp'>

State 55 <SV = 54> <Delay = 2.43>
ST_55 : Operation 157 [18/71] (2.43ns)   --->   "%empty_36 = readreq i1 @_ssdm_op_ReadReq.m_axi.p1i32, i64 %gmem1_addr, i32 %zext_ln48" [/home/rourab/Auto_FastFlow_fpga/kernels_src/vmul2/vmul2.cpp:48]   --->   Operation 157 'readreq' 'empty_36' <Predicate = (first_iter_0)> <Delay = 2.43> <CoreInst = "m_axi">   --->   Core 121 'm_axi' <Latency = 0> <II = 1> <Delay = 1.00> <Adapter> <Opcode : 'read' 'write' 'readreq' 'writereq' 'writeresp'>

State 56 <SV = 55> <Delay = 2.43>
ST_56 : Operation 158 [17/71] (2.43ns)   --->   "%empty_36 = readreq i1 @_ssdm_op_ReadReq.m_axi.p1i32, i64 %gmem1_addr, i32 %zext_ln48" [/home/rourab/Auto_FastFlow_fpga/kernels_src/vmul2/vmul2.cpp:48]   --->   Operation 158 'readreq' 'empty_36' <Predicate = (first_iter_0)> <Delay = 2.43> <CoreInst = "m_axi">   --->   Core 121 'm_axi' <Latency = 0> <II = 1> <Delay = 1.00> <Adapter> <Opcode : 'read' 'write' 'readreq' 'writereq' 'writeresp'>

State 57 <SV = 56> <Delay = 2.43>
ST_57 : Operation 159 [16/71] (2.43ns)   --->   "%empty_36 = readreq i1 @_ssdm_op_ReadReq.m_axi.p1i32, i64 %gmem1_addr, i32 %zext_ln48" [/home/rourab/Auto_FastFlow_fpga/kernels_src/vmul2/vmul2.cpp:48]   --->   Operation 159 'readreq' 'empty_36' <Predicate = (first_iter_0)> <Delay = 2.43> <CoreInst = "m_axi">   --->   Core 121 'm_axi' <Latency = 0> <II = 1> <Delay = 1.00> <Adapter> <Opcode : 'read' 'write' 'readreq' 'writereq' 'writeresp'>

State 58 <SV = 57> <Delay = 2.43>
ST_58 : Operation 160 [15/71] (2.43ns)   --->   "%empty_36 = readreq i1 @_ssdm_op_ReadReq.m_axi.p1i32, i64 %gmem1_addr, i32 %zext_ln48" [/home/rourab/Auto_FastFlow_fpga/kernels_src/vmul2/vmul2.cpp:48]   --->   Operation 160 'readreq' 'empty_36' <Predicate = (first_iter_0)> <Delay = 2.43> <CoreInst = "m_axi">   --->   Core 121 'm_axi' <Latency = 0> <II = 1> <Delay = 1.00> <Adapter> <Opcode : 'read' 'write' 'readreq' 'writereq' 'writeresp'>

State 59 <SV = 58> <Delay = 2.43>
ST_59 : Operation 161 [14/71] (2.43ns)   --->   "%empty_36 = readreq i1 @_ssdm_op_ReadReq.m_axi.p1i32, i64 %gmem1_addr, i32 %zext_ln48" [/home/rourab/Auto_FastFlow_fpga/kernels_src/vmul2/vmul2.cpp:48]   --->   Operation 161 'readreq' 'empty_36' <Predicate = (first_iter_0)> <Delay = 2.43> <CoreInst = "m_axi">   --->   Core 121 'm_axi' <Latency = 0> <II = 1> <Delay = 1.00> <Adapter> <Opcode : 'read' 'write' 'readreq' 'writereq' 'writeresp'>

State 60 <SV = 59> <Delay = 2.43>
ST_60 : Operation 162 [13/71] (2.43ns)   --->   "%empty_36 = readreq i1 @_ssdm_op_ReadReq.m_axi.p1i32, i64 %gmem1_addr, i32 %zext_ln48" [/home/rourab/Auto_FastFlow_fpga/kernels_src/vmul2/vmul2.cpp:48]   --->   Operation 162 'readreq' 'empty_36' <Predicate = (first_iter_0)> <Delay = 2.43> <CoreInst = "m_axi">   --->   Core 121 'm_axi' <Latency = 0> <II = 1> <Delay = 1.00> <Adapter> <Opcode : 'read' 'write' 'readreq' 'writereq' 'writeresp'>

State 61 <SV = 60> <Delay = 2.43>
ST_61 : Operation 163 [12/71] (2.43ns)   --->   "%empty_36 = readreq i1 @_ssdm_op_ReadReq.m_axi.p1i32, i64 %gmem1_addr, i32 %zext_ln48" [/home/rourab/Auto_FastFlow_fpga/kernels_src/vmul2/vmul2.cpp:48]   --->   Operation 163 'readreq' 'empty_36' <Predicate = (first_iter_0)> <Delay = 2.43> <CoreInst = "m_axi">   --->   Core 121 'm_axi' <Latency = 0> <II = 1> <Delay = 1.00> <Adapter> <Opcode : 'read' 'write' 'readreq' 'writereq' 'writeresp'>

State 62 <SV = 61> <Delay = 2.43>
ST_62 : Operation 164 [11/71] (2.43ns)   --->   "%empty_36 = readreq i1 @_ssdm_op_ReadReq.m_axi.p1i32, i64 %gmem1_addr, i32 %zext_ln48" [/home/rourab/Auto_FastFlow_fpga/kernels_src/vmul2/vmul2.cpp:48]   --->   Operation 164 'readreq' 'empty_36' <Predicate = (first_iter_0)> <Delay = 2.43> <CoreInst = "m_axi">   --->   Core 121 'm_axi' <Latency = 0> <II = 1> <Delay = 1.00> <Adapter> <Opcode : 'read' 'write' 'readreq' 'writereq' 'writeresp'>

State 63 <SV = 62> <Delay = 2.43>
ST_63 : Operation 165 [10/71] (2.43ns)   --->   "%empty_36 = readreq i1 @_ssdm_op_ReadReq.m_axi.p1i32, i64 %gmem1_addr, i32 %zext_ln48" [/home/rourab/Auto_FastFlow_fpga/kernels_src/vmul2/vmul2.cpp:48]   --->   Operation 165 'readreq' 'empty_36' <Predicate = (first_iter_0)> <Delay = 2.43> <CoreInst = "m_axi">   --->   Core 121 'm_axi' <Latency = 0> <II = 1> <Delay = 1.00> <Adapter> <Opcode : 'read' 'write' 'readreq' 'writereq' 'writeresp'>

State 64 <SV = 63> <Delay = 2.43>
ST_64 : Operation 166 [9/71] (2.43ns)   --->   "%empty_36 = readreq i1 @_ssdm_op_ReadReq.m_axi.p1i32, i64 %gmem1_addr, i32 %zext_ln48" [/home/rourab/Auto_FastFlow_fpga/kernels_src/vmul2/vmul2.cpp:48]   --->   Operation 166 'readreq' 'empty_36' <Predicate = (first_iter_0)> <Delay = 2.43> <CoreInst = "m_axi">   --->   Core 121 'm_axi' <Latency = 0> <II = 1> <Delay = 1.00> <Adapter> <Opcode : 'read' 'write' 'readreq' 'writereq' 'writeresp'>

State 65 <SV = 64> <Delay = 2.43>
ST_65 : Operation 167 [8/71] (2.43ns)   --->   "%empty_36 = readreq i1 @_ssdm_op_ReadReq.m_axi.p1i32, i64 %gmem1_addr, i32 %zext_ln48" [/home/rourab/Auto_FastFlow_fpga/kernels_src/vmul2/vmul2.cpp:48]   --->   Operation 167 'readreq' 'empty_36' <Predicate = (first_iter_0)> <Delay = 2.43> <CoreInst = "m_axi">   --->   Core 121 'm_axi' <Latency = 0> <II = 1> <Delay = 1.00> <Adapter> <Opcode : 'read' 'write' 'readreq' 'writereq' 'writeresp'>

State 66 <SV = 65> <Delay = 2.43>
ST_66 : Operation 168 [7/71] (2.43ns)   --->   "%empty_36 = readreq i1 @_ssdm_op_ReadReq.m_axi.p1i32, i64 %gmem1_addr, i32 %zext_ln48" [/home/rourab/Auto_FastFlow_fpga/kernels_src/vmul2/vmul2.cpp:48]   --->   Operation 168 'readreq' 'empty_36' <Predicate = (first_iter_0)> <Delay = 2.43> <CoreInst = "m_axi">   --->   Core 121 'm_axi' <Latency = 0> <II = 1> <Delay = 1.00> <Adapter> <Opcode : 'read' 'write' 'readreq' 'writereq' 'writeresp'>

State 67 <SV = 66> <Delay = 2.43>
ST_67 : Operation 169 [6/71] (2.43ns)   --->   "%empty_36 = readreq i1 @_ssdm_op_ReadReq.m_axi.p1i32, i64 %gmem1_addr, i32 %zext_ln48" [/home/rourab/Auto_FastFlow_fpga/kernels_src/vmul2/vmul2.cpp:48]   --->   Operation 169 'readreq' 'empty_36' <Predicate = (first_iter_0)> <Delay = 2.43> <CoreInst = "m_axi">   --->   Core 121 'm_axi' <Latency = 0> <II = 1> <Delay = 1.00> <Adapter> <Opcode : 'read' 'write' 'readreq' 'writereq' 'writeresp'>

State 68 <SV = 67> <Delay = 2.43>
ST_68 : Operation 170 [5/71] (2.43ns)   --->   "%empty_36 = readreq i1 @_ssdm_op_ReadReq.m_axi.p1i32, i64 %gmem1_addr, i32 %zext_ln48" [/home/rourab/Auto_FastFlow_fpga/kernels_src/vmul2/vmul2.cpp:48]   --->   Operation 170 'readreq' 'empty_36' <Predicate = (first_iter_0)> <Delay = 2.43> <CoreInst = "m_axi">   --->   Core 121 'm_axi' <Latency = 0> <II = 1> <Delay = 1.00> <Adapter> <Opcode : 'read' 'write' 'readreq' 'writereq' 'writeresp'>

State 69 <SV = 68> <Delay = 2.43>
ST_69 : Operation 171 [4/71] (2.43ns)   --->   "%empty_36 = readreq i1 @_ssdm_op_ReadReq.m_axi.p1i32, i64 %gmem1_addr, i32 %zext_ln48" [/home/rourab/Auto_FastFlow_fpga/kernels_src/vmul2/vmul2.cpp:48]   --->   Operation 171 'readreq' 'empty_36' <Predicate = (first_iter_0)> <Delay = 2.43> <CoreInst = "m_axi">   --->   Core 121 'm_axi' <Latency = 0> <II = 1> <Delay = 1.00> <Adapter> <Opcode : 'read' 'write' 'readreq' 'writereq' 'writeresp'>

State 70 <SV = 69> <Delay = 2.43>
ST_70 : Operation 172 [3/71] (2.43ns)   --->   "%empty_36 = readreq i1 @_ssdm_op_ReadReq.m_axi.p1i32, i64 %gmem1_addr, i32 %zext_ln48" [/home/rourab/Auto_FastFlow_fpga/kernels_src/vmul2/vmul2.cpp:48]   --->   Operation 172 'readreq' 'empty_36' <Predicate = (first_iter_0)> <Delay = 2.43> <CoreInst = "m_axi">   --->   Core 121 'm_axi' <Latency = 0> <II = 1> <Delay = 1.00> <Adapter> <Opcode : 'read' 'write' 'readreq' 'writereq' 'writeresp'>

State 71 <SV = 70> <Delay = 2.43>
ST_71 : Operation 173 [2/71] (2.43ns)   --->   "%empty_36 = readreq i1 @_ssdm_op_ReadReq.m_axi.p1i32, i64 %gmem1_addr, i32 %zext_ln48" [/home/rourab/Auto_FastFlow_fpga/kernels_src/vmul2/vmul2.cpp:48]   --->   Operation 173 'readreq' 'empty_36' <Predicate = (first_iter_0)> <Delay = 2.43> <CoreInst = "m_axi">   --->   Core 121 'm_axi' <Latency = 0> <II = 1> <Delay = 1.00> <Adapter> <Opcode : 'read' 'write' 'readreq' 'writereq' 'writeresp'>

State 72 <SV = 71> <Delay = 2.43>
ST_72 : Operation 174 [1/71] (2.43ns)   --->   "%empty_36 = readreq i1 @_ssdm_op_ReadReq.m_axi.p1i32, i64 %gmem1_addr, i32 %zext_ln48" [/home/rourab/Auto_FastFlow_fpga/kernels_src/vmul2/vmul2.cpp:48]   --->   Operation 174 'readreq' 'empty_36' <Predicate = (first_iter_0)> <Delay = 2.43> <CoreInst = "m_axi">   --->   Core 121 'm_axi' <Latency = 0> <II = 1> <Delay = 1.00> <Adapter> <Opcode : 'read' 'write' 'readreq' 'writereq' 'writeresp'>
ST_72 : Operation 175 [1/1] (0.00ns)   --->   "%br_ln48 = br void %for.inc.split.i" [/home/rourab/Auto_FastFlow_fpga/kernels_src/vmul2/vmul2.cpp:48]   --->   Operation 175 'br' 'br_ln48' <Predicate = (first_iter_0)> <Delay = 0.00>

State 73 <SV = 72> <Delay = 2.43>
ST_73 : Operation 176 [1/1] (2.43ns)   --->   "%gmem1_addr_read = read i32 @_ssdm_op_Read.m_axi.p1i32, i64 %gmem1_addr" [/home/rourab/Auto_FastFlow_fpga/kernels_src/vmul2/vmul2.cpp:50]   --->   Operation 176 'read' 'gmem1_addr_read' <Predicate = (icmp_ln48_1)> <Delay = 2.43> <CoreInst = "m_axi">   --->   Core 121 'm_axi' <Latency = 0> <II = 1> <Delay = 1.00> <Adapter> <Opcode : 'read' 'write' 'readreq' 'writereq' 'writeresp'>
ST_73 : Operation 180 [1/1] (0.00ns)   --->   "%ret_ln0 = ret"   --->   Operation 180 'ret' 'ret_ln0' <Predicate = (!icmp_ln48_1)> <Delay = 0.00>

State 74 <SV = 73> <Delay = 1.21>
ST_74 : Operation 177 [1/1] (0.00ns)   --->   "%speclooptripcount_ln49 = speclooptripcount void @_ssdm_op_SpecLoopTripCount, i64 4096, i64 4096, i64 4096" [/home/rourab/Auto_FastFlow_fpga/kernels_src/vmul2/vmul2.cpp:49]   --->   Operation 177 'speclooptripcount' 'speclooptripcount_ln49' <Predicate = (icmp_ln48_1)> <Delay = 0.00>
ST_74 : Operation 178 [1/1] (0.00ns)   --->   "%specloopname_ln48 = specloopname void @_ssdm_op_SpecLoopName, void @empty_12" [/home/rourab/Auto_FastFlow_fpga/kernels_src/vmul2/vmul2.cpp:48]   --->   Operation 178 'specloopname' 'specloopname_ln48' <Predicate = (icmp_ln48_1)> <Delay = 0.00>
ST_74 : Operation 179 [1/1] (1.21ns)   --->   "%write_ln50 = write void @_ssdm_op_Write.ap_fifo.volatile.i32P0A, i32 %in2_stream, i32 %gmem1_addr_read" [/home/rourab/Auto_FastFlow_fpga/kernels_src/vmul2/vmul2.cpp:50]   --->   Operation 179 'write' 'write_ln50' <Predicate = (icmp_ln48_1)> <Delay = 1.21> <CoreInst = "FIFO_SRL">   --->   Core 81 'FIFO_SRL' <Latency = 0> <II = 1> <Delay = 1.39> <Storage> <Opcode : 'read' 'write' 'nbread' 'nbwrite'> <Ports = 0> <Width = 32> <Depth = 2> <FIFO>


============================================================
+ Verbose Summary: Binding
============================================================
STG Binding: 
---------------- STG Properties BEGIN ----------------
- Is combinational: 0
- Is one-state seq: 0
- Is datapath-only: 0
- Is pipelined: 0
- Is top level: 0
Port [ Return ] is wired: 1; IO mode=ap_ctrl_hs:ce=0
Port [ gmem1]:  wired=1; compound=1; hidden=0; nouse=0; global=0; static=0; extern=0; dir=0; type=4; pingpong=0; private_global=0; IO mode=m_axi:ce=0
Port [ in_r]:  wired=1; compound=0; hidden=0; nouse=0; global=0; static=0; extern=0; dir=0; type=0; pingpong=0; private_global=0; IO mode=ap_none:ce=0
Port [ size]:  wired=1; compound=0; hidden=0; nouse=0; global=0; static=0; extern=0; dir=0; type=0; pingpong=0; private_global=0; IO mode=ap_none:ce=0
Port [ in2_stream]:  wired=1; compound=1; hidden=0; nouse=0; global=1; static=1; extern=0; dir=1; type=3; pingpong=0; private_global=0; IO mode=ap_fifo:ce=0
---------------- STG Properties END ------------------

---------------- Datapath Model BEGIN ----------------

<LifeTime>
<method=bitvector/>
i                      (alloca           ) [ 010000000000000000000000000000000000000000000000000000000000000000000000000]
specinterface_ln0      (specinterface    ) [ 000000000000000000000000000000000000000000000000000000000000000000000000000]
specinterface_ln0      (specinterface    ) [ 000000000000000000000000000000000000000000000000000000000000000000000000000]
specinterface_ln0      (specinterface    ) [ 000000000000000000000000000000000000000000000000000000000000000000000000000]
size_read              (read             ) [ 000000000000000000000000000000000000000000000000000000000000000000000000000]
in_read                (read             ) [ 000000000000000000000000000000000000000000000000000000000000000000000000000]
empty                  (trunc            ) [ 000000000000000000000000000000000000000000000000000000000000000000000000000]
specinterface_ln0      (specinterface    ) [ 000000000000000000000000000000000000000000000000000000000000000000000000000]
specinterface_ln0      (specinterface    ) [ 000000000000000000000000000000000000000000000000000000000000000000000000000]
icmp_ln48              (icmp             ) [ 000000000000000000000000000000000000000000000000000000000000000000000000000]
trunc_ln               (partselect       ) [ 000000000000000000000000000000000000000000000000000000000000000000000000000]
sext_ln48              (sext             ) [ 000000000000000000000000000000000000000000000000000000000000000000000000000]
gmem1_addr             (getelementptr    ) [ 011111111111111111111111111111111111111111111111111111111111111111111111110]
empty_35               (select           ) [ 000000000000000000000000000000000000000000000000000000000000000000000000000]
zext_ln48              (zext             ) [ 011111111111111111111111111111111111111111111111111111111111111111111111100]
store_ln48             (store            ) [ 000000000000000000000000000000000000000000000000000000000000000000000000000]
br_ln48                (br               ) [ 000000000000000000000000000000000000000000000000000000000000000000000000000]
first_iter_0           (phi              ) [ 011111111111111111111111111111111111111111111111111111111111111111111111100]
i_load                 (load             ) [ 000000000000000000000000000000000000000000000000000000000000000000000000000]
zext_ln46              (zext             ) [ 000000000000000000000000000000000000000000000000000000000000000000000000000]
specpipeline_ln0       (specpipeline     ) [ 000000000000000000000000000000000000000000000000000000000000000000000000000]
icmp_ln48_1            (icmp             ) [ 011111111111111111111111111111111111111111111111111111111111111111111111111]
add_ln48               (add              ) [ 000000000000000000000000000000000000000000000000000000000000000000000000000]
br_ln48                (br               ) [ 000000000000000000000000000000000000000000000000000000000000000000000000000]
br_ln48                (br               ) [ 000000000000000000000000000000000000000000000000000000000000000000000000000]
store_ln48             (store            ) [ 000000000000000000000000000000000000000000000000000000000000000000000000000]
br_ln48                (br               ) [ 010000000000000000000000000000000000000000000000000000000000000000000000000]
empty_36               (readreq          ) [ 000000000000000000000000000000000000000000000000000000000000000000000000000]
br_ln48                (br               ) [ 000000000000000000000000000000000000000000000000000000000000000000000000000]
gmem1_addr_read        (read             ) [ 010000000000000000000000000000000000000000000000000000000000000000000000001]
speclooptripcount_ln49 (speclooptripcount) [ 000000000000000000000000000000000000000000000000000000000000000000000000000]
specloopname_ln48      (specloopname     ) [ 000000000000000000000000000000000000000000000000000000000000000000000000000]
write_ln50             (write            ) [ 000000000000000000000000000000000000000000000000000000000000000000000000000]
ret_ln0                (ret              ) [ 000000000000000000000000000000000000000000000000000000000000000000000000000]
</LifeTime>

<model>

<comp_list>
<comp id="0" class="1000" name="gmem1">
<pin_list>
<pin id="1" dir="1" index="0" bw="1" slack="0"/>
</pin_list>
<bind>
<StgValue><ssdm name="gmem1"/></StgValue>
</bind>
</comp>

<comp id="2" class="1000" name="in_r">
<pin_list>
<pin id="3" dir="1" index="0" bw="1" slack="0"/>
</pin_list>
<bind>
<StgValue><ssdm name="in_r"/></StgValue>
</bind>
</comp>

<comp id="4" class="1000" name="size">
<pin_list>
<pin id="5" dir="1" index="0" bw="1" slack="0"/>
</pin_list>
<bind>
<StgValue><ssdm name="size"/></StgValue>
</bind>
</comp>

<comp id="6" class="1000" name="in2_stream">
<pin_list>
<pin id="7" dir="1" index="0" bw="1" slack="0"/>
</pin_list>
<bind>
<StgValue><ssdm name="in2_stream"/></StgValue>
</bind>
</comp>

<comp id="8" class="1001" name="const_8">
<pin_list>
<pin id="9" dir="1" index="0" bw="1" slack="0"/>
</pin_list>
<bind>
<StgValue><ssdm name=""/></StgValue>
</bind>
</comp>

<comp id="10" class="1001" name="const_10">
<pin_list>
<pin id="11" dir="1" index="0" bw="1" slack="2147483647"/>
</pin_list>
<bind>
<StgValue><ssdm name="_ssdm_op_SpecInterface"/></StgValue>
</bind>
</comp>

<comp id="12" class="1001" name="const_12">
<pin_list>
<pin id="13" dir="1" index="0" bw="1" slack="2147483647"/>
</pin_list>
<bind>
<StgValue><ssdm name="empty_6"/></StgValue>
</bind>
</comp>

<comp id="14" class="1001" name="const_14">
<pin_list>
<pin id="15" dir="1" index="0" bw="1" slack="0"/>
</pin_list>
<bind>
<StgValue><ssdm name=""/></StgValue>
</bind>
</comp>

<comp id="16" class="1001" name="const_16">
<pin_list>
<pin id="17" dir="1" index="0" bw="1" slack="2147483647"/>
</pin_list>
<bind>
<StgValue><ssdm name="empty_3"/></StgValue>
</bind>
</comp>

<comp id="18" class="1001" name="const_18">
<pin_list>
<pin id="19" dir="1" index="0" bw="1" slack="2147483647"/>
</pin_list>
<bind>
<StgValue><ssdm name=""/></StgValue>
</bind>
</comp>

<comp id="20" class="1001" name="const_20">
<pin_list>
<pin id="21" dir="1" index="0" bw="1" slack="0"/>
</pin_list>
<bind>
<StgValue><ssdm name="_ssdm_op_Read.ap_auto.i32"/></StgValue>
</bind>
</comp>

<comp id="22" class="1001" name="const_22">
<pin_list>
<pin id="23" dir="1" index="0" bw="1" slack="0"/>
</pin_list>
<bind>
<StgValue><ssdm name="_ssdm_op_Read.ap_auto.i64"/></StgValue>
</bind>
</comp>

<comp id="24" class="1001" name="const_24">
<pin_list>
<pin id="25" dir="1" index="0" bw="1" slack="2147483647"/>
</pin_list>
<bind>
<StgValue><ssdm name="empty_1"/></StgValue>
</bind>
</comp>

<comp id="26" class="1001" name="const_26">
<pin_list>
<pin id="27" dir="1" index="0" bw="1" slack="2147483647"/>
</pin_list>
<bind>
<StgValue><ssdm name=""/></StgValue>
</bind>
</comp>

<comp id="28" class="1001" name="const_28">
<pin_list>
<pin id="29" dir="1" index="0" bw="1" slack="2147483647"/>
</pin_list>
<bind>
<StgValue><ssdm name="empty_9"/></StgValue>
</bind>
</comp>

<comp id="30" class="1001" name="const_30">
<pin_list>
<pin id="31" dir="1" index="0" bw="1" slack="2147483647"/>
</pin_list>
<bind>
<StgValue><ssdm name="empty_10"/></StgValue>
</bind>
</comp>

<comp id="32" class="1001" name="const_32">
<pin_list>
<pin id="33" dir="1" index="0" bw="1" slack="2147483647"/>
</pin_list>
<bind>
<StgValue><ssdm name=""/></StgValue>
</bind>
</comp>

<comp id="34" class="1001" name="const_34">
<pin_list>
<pin id="35" dir="1" index="0" bw="1" slack="0"/>
</pin_list>
<bind>
<StgValue><ssdm name="_ssdm_op_PartSelect.i62.i64.i32.i32"/></StgValue>
</bind>
</comp>

<comp id="36" class="1001" name="const_36">
<pin_list>
<pin id="37" dir="1" index="0" bw="1" slack="0"/>
</pin_list>
<bind>
<StgValue><ssdm name=""/></StgValue>
</bind>
</comp>

<comp id="38" class="1001" name="const_38">
<pin_list>
<pin id="39" dir="1" index="0" bw="1" slack="0"/>
</pin_list>
<bind>
<StgValue><ssdm name=""/></StgValue>
</bind>
</comp>

<comp id="40" class="1001" name="const_40">
<pin_list>
<pin id="41" dir="1" index="0" bw="1" slack="0"/>
</pin_list>
<bind>
<StgValue><ssdm name=""/></StgValue>
</bind>
</comp>

<comp id="42" class="1001" name="const_42">
<pin_list>
<pin id="43" dir="1" index="0" bw="1" slack="0"/>
</pin_list>
<bind>
<StgValue><ssdm name=""/></StgValue>
</bind>
</comp>

<comp id="44" class="1001" name="const_44">
<pin_list>
<pin id="45" dir="1" index="0" bw="1" slack="0"/>
</pin_list>
<bind>
<StgValue><ssdm name=""/></StgValue>
</bind>
</comp>

<comp id="46" class="1001" name="const_46">
<pin_list>
<pin id="47" dir="1" index="0" bw="1" slack="2147483647"/>
</pin_list>
<bind>
<StgValue><ssdm name="_ssdm_op_SpecPipeline"/></StgValue>
</bind>
</comp>

<comp id="48" class="1001" name="const_48">
<pin_list>
<pin id="49" dir="1" index="0" bw="1" slack="2147483647"/>
</pin_list>
<bind>
<StgValue><ssdm name="p_str"/></StgValue>
</bind>
</comp>

<comp id="50" class="1001" name="const_50">
<pin_list>
<pin id="51" dir="1" index="0" bw="1" slack="0"/>
</pin_list>
<bind>
<StgValue><ssdm name=""/></StgValue>
</bind>
</comp>

<comp id="52" class="1001" name="const_52">
<pin_list>
<pin id="53" dir="1" index="0" bw="1" slack="0"/>
</pin_list>
<bind>
<StgValue><ssdm name="_ssdm_op_ReadReq.m_axi.p1i32"/></StgValue>
</bind>
</comp>

<comp id="54" class="1001" name="const_54">
<pin_list>
<pin id="55" dir="1" index="0" bw="1" slack="0"/>
</pin_list>
<bind>
<StgValue><ssdm name="_ssdm_op_Read.m_axi.p1i32"/></StgValue>
</bind>
</comp>

<comp id="56" class="1001" name="const_56">
<pin_list>
<pin id="57" dir="1" index="0" bw="1" slack="2147483647"/>
</pin_list>
<bind>
<StgValue><ssdm name="_ssdm_op_SpecLoopTripCount"/></StgValue>
</bind>
</comp>

<comp id="58" class="1001" name="const_58">
<pin_list>
<pin id="59" dir="1" index="0" bw="1" slack="2147483647"/>
</pin_list>
<bind>
<StgValue><ssdm name=""/></StgValue>
</bind>
</comp>

<comp id="60" class="1001" name="const_60">
<pin_list>
<pin id="61" dir="1" index="0" bw="1" slack="2147483647"/>
</pin_list>
<bind>
<StgValue><ssdm name="_ssdm_op_SpecLoopName"/></StgValue>
</bind>
</comp>

<comp id="62" class="1001" name="const_62">
<pin_list>
<pin id="63" dir="1" index="0" bw="1" slack="2147483647"/>
</pin_list>
<bind>
<StgValue><ssdm name="empty_12"/></StgValue>
</bind>
</comp>

<comp id="64" class="1001" name="const_64">
<pin_list>
<pin id="65" dir="1" index="0" bw="1" slack="0"/>
</pin_list>
<bind>
<StgValue><ssdm name="_ssdm_op_Write.ap_fifo.volatile.i32P0A"/></StgValue>
</bind>
</comp>

<comp id="66" class="1004" name="i_fu_66">
<pin_list>
<pin id="67" dir="0" index="0" bw="1" slack="0"/>
<pin id="68" dir="1" index="1" bw="31" slack="0"/>
</pin_list>
<bind>
<opcode="alloca(26) " fcode="alloca"/>
<opset="i/1 "/>
</bind>
</comp>

<comp id="70" class="1004" name="size_read_read_fu_70">
<pin_list>
<pin id="71" dir="0" index="0" bw="32" slack="0"/>
<pin id="72" dir="0" index="1" bw="32" slack="0"/>
<pin id="73" dir="1" index="2" bw="32" slack="0"/>
</pin_list>
<bind>
<opcode="read(1150) " fcode="read"/>
<opset="size_read/1 "/>
</bind>
</comp>

<comp id="76" class="1004" name="in_read_read_fu_76">
<pin_list>
<pin id="77" dir="0" index="0" bw="64" slack="0"/>
<pin id="78" dir="0" index="1" bw="64" slack="0"/>
<pin id="79" dir="1" index="2" bw="64" slack="0"/>
</pin_list>
<bind>
<opcode="read(1150) " fcode="read"/>
<opset="in_read/1 "/>
</bind>
</comp>

<comp id="82" class="1004" name="grp_readreq_fu_82">
<pin_list>
<pin id="83" dir="0" index="0" bw="1" slack="0"/>
<pin id="84" dir="0" index="1" bw="32" slack="1"/>
<pin id="85" dir="0" index="2" bw="31" slack="1"/>
<pin id="86" dir="1" index="3" bw="1" slack="2147483647"/>
</pin_list>
<bind>
<opcode="readreq(1154) " fcode="readreq"/>
<opset="empty_36/2 "/>
</bind>
</comp>

<comp id="88" class="1004" name="gmem1_addr_read_read_fu_88">
<pin_list>
<pin id="89" dir="0" index="0" bw="32" slack="0"/>
<pin id="90" dir="0" index="1" bw="32" slack="72"/>
<pin id="91" dir="1" index="2" bw="32" slack="1"/>
</pin_list>
<bind>
<opcode="read(1150) " fcode="read"/>
<opset="gmem1_addr_read/73 "/>
</bind>
</comp>

<comp id="93" class="1004" name="write_ln50_write_fu_93">
<pin_list>
<pin id="94" dir="0" index="0" bw="0" slack="0"/>
<pin id="95" dir="0" index="1" bw="32" slack="0"/>
<pin id="96" dir="0" index="2" bw="32" slack="1"/>
<pin id="97" dir="1" index="3" bw="0" slack="2147483647"/>
</pin_list>
<bind>
<opcode="write(1151) " fcode="write"/>
<opset="write_ln50/74 "/>
</bind>
</comp>

<comp id="100" class="1005" name="first_iter_0_reg_100">
<pin_list>
<pin id="101" dir="0" index="0" bw="1" slack="1"/>
<pin id="102" dir="1" index="1" bw="1" slack="2147483647"/>
</pin_list>
<bind>
<opset="first_iter_0 (phireg) "/>
</bind>
</comp>

<comp id="103" class="1004" name="first_iter_0_phi_fu_103">
<pin_list>
<pin id="104" dir="0" index="0" bw="1" slack="0"/>
<pin id="105" dir="0" index="1" bw="0" slack="2147483647"/>
<pin id="106" dir="0" index="2" bw="1" slack="0"/>
<pin id="107" dir="0" index="3" bw="0" slack="2147483647"/>
<pin id="108" dir="1" index="4" bw="1" slack="1"/>
</pin_list>
<bind>
<opcode="phi(47) " fcode="phi"/>
<opset="first_iter_0/1 "/>
</bind>
</comp>

<comp id="112" class="1004" name="empty_fu_112">
<pin_list>
<pin id="113" dir="0" index="0" bw="32" slack="0"/>
<pin id="114" dir="1" index="1" bw="31" slack="0"/>
</pin_list>
<bind>
<opcode="trunc(33) " fcode="trunc"/>
<opset="empty/1 "/>
</bind>
</comp>

<comp id="116" class="1004" name="icmp_ln48_fu_116">
<pin_list>
<pin id="117" dir="0" index="0" bw="32" slack="0"/>
<pin id="118" dir="0" index="1" bw="32" slack="0"/>
<pin id="119" dir="1" index="2" bw="1" slack="0"/>
</pin_list>
<bind>
<opcode="icmp(45) " fcode="icmp"/>
<opset="icmp_ln48/1 "/>
</bind>
</comp>

<comp id="122" class="1004" name="trunc_ln_fu_122">
<pin_list>
<pin id="123" dir="0" index="0" bw="62" slack="0"/>
<pin id="124" dir="0" index="1" bw="64" slack="0"/>
<pin id="125" dir="0" index="2" bw="3" slack="0"/>
<pin id="126" dir="0" index="3" bw="7" slack="0"/>
<pin id="127" dir="1" index="4" bw="62" slack="0"/>
</pin_list>
<bind>
<opcode="partselect(1002) " fcode="partselect"/>
<opset="trunc_ln/1 "/>
</bind>
</comp>

<comp id="132" class="1004" name="sext_ln48_fu_132">
<pin_list>
<pin id="133" dir="0" index="0" bw="62" slack="0"/>
<pin id="134" dir="1" index="1" bw="64" slack="0"/>
</pin_list>
<bind>
<opcode="sext(35) " fcode="sext"/>
<opset="sext_ln48/1 "/>
</bind>
</comp>

<comp id="136" class="1004" name="gmem1_addr_fu_136">
<pin_list>
<pin id="137" dir="0" index="0" bw="64" slack="0"/>
<pin id="138" dir="0" index="1" bw="64" slack="0"/>
<pin id="139" dir="1" index="2" bw="64" slack="1"/>
</pin_list>
<bind>
<opcode="getelementptr(29) " fcode="getelementptr"/>
<opset="gmem1_addr/1 "/>
</bind>
</comp>

<comp id="142" class="1004" name="empty_35_fu_142">
<pin_list>
<pin id="143" dir="0" index="0" bw="1" slack="0"/>
<pin id="144" dir="0" index="1" bw="31" slack="0"/>
<pin id="145" dir="0" index="2" bw="31" slack="0"/>
<pin id="146" dir="1" index="3" bw="31" slack="0"/>
</pin_list>
<bind>
<opcode="select(49) " fcode="select"/>
<opset="empty_35/1 "/>
</bind>
</comp>

<comp id="150" class="1004" name="zext_ln48_fu_150">
<pin_list>
<pin id="151" dir="0" index="0" bw="31" slack="0"/>
<pin id="152" dir="1" index="1" bw="32" slack="1"/>
</pin_list>
<bind>
<opcode="zext(34) " fcode="zext"/>
<opset="zext_ln48/1 "/>
</bind>
</comp>

<comp id="154" class="1004" name="store_ln48_store_fu_154">
<pin_list>
<pin id="155" dir="0" index="0" bw="1" slack="0"/>
<pin id="156" dir="0" index="1" bw="31" slack="0"/>
<pin id="157" dir="1" index="2" bw="0" slack="2147483647"/>
</pin_list>
<bind>
<opcode="store(28) " fcode="store"/>
<opset="store_ln48/1 "/>
</bind>
</comp>

<comp id="159" class="1004" name="i_load_load_fu_159">
<pin_list>
<pin id="160" dir="0" index="0" bw="31" slack="0"/>
<pin id="161" dir="1" index="1" bw="31" slack="0"/>
</pin_list>
<bind>
<opcode="load(27) " fcode="load"/>
<opset="i_load/1 "/>
</bind>
</comp>

<comp id="162" class="1004" name="zext_ln46_fu_162">
<pin_list>
<pin id="163" dir="0" index="0" bw="31" slack="0"/>
<pin id="164" dir="1" index="1" bw="32" slack="0"/>
</pin_list>
<bind>
<opcode="zext(34) " fcode="zext"/>
<opset="zext_ln46/1 "/>
</bind>
</comp>

<comp id="166" class="1004" name="icmp_ln48_1_fu_166">
<pin_list>
<pin id="167" dir="0" index="0" bw="32" slack="0"/>
<pin id="168" dir="0" index="1" bw="32" slack="0"/>
<pin id="169" dir="1" index="2" bw="1" slack="1"/>
</pin_list>
<bind>
<opcode="icmp(45) " fcode="icmp"/>
<opset="icmp_ln48_1/1 "/>
</bind>
</comp>

<comp id="172" class="1004" name="add_ln48_fu_172">
<pin_list>
<pin id="173" dir="0" index="0" bw="31" slack="0"/>
<pin id="174" dir="0" index="1" bw="1" slack="0"/>
<pin id="175" dir="1" index="2" bw="31" slack="0"/>
</pin_list>
<bind>
<opcode="add(8) " fcode="add"/>
<opset="add_ln48/1 "/>
</bind>
</comp>

<comp id="178" class="1004" name="store_ln48_store_fu_178">
<pin_list>
<pin id="179" dir="0" index="0" bw="31" slack="0"/>
<pin id="180" dir="0" index="1" bw="31" slack="0"/>
<pin id="181" dir="1" index="2" bw="0" slack="2147483647"/>
</pin_list>
<bind>
<opcode="store(28) " fcode="store"/>
<opset="store_ln48/1 "/>
</bind>
</comp>

<comp id="183" class="1005" name="i_reg_183">
<pin_list>
<pin id="184" dir="0" index="0" bw="31" slack="0"/>
<pin id="185" dir="1" index="1" bw="31" slack="0"/>
</pin_list>
<bind>
<opset="i "/>
</bind>
</comp>

<comp id="190" class="1005" name="gmem1_addr_reg_190">
<pin_list>
<pin id="191" dir="0" index="0" bw="32" slack="1"/>
<pin id="192" dir="1" index="1" bw="32" slack="1"/>
</pin_list>
<bind>
<opset="gmem1_addr "/>
</bind>
</comp>

<comp id="196" class="1005" name="zext_ln48_reg_196">
<pin_list>
<pin id="197" dir="0" index="0" bw="32" slack="1"/>
<pin id="198" dir="1" index="1" bw="32" slack="1"/>
</pin_list>
<bind>
<opset="zext_ln48 "/>
</bind>
</comp>

<comp id="201" class="1005" name="icmp_ln48_1_reg_201">
<pin_list>
<pin id="202" dir="0" index="0" bw="1" slack="1"/>
<pin id="203" dir="1" index="1" bw="1" slack="2147483647"/>
</pin_list>
<bind>
<opset="icmp_ln48_1 "/>
</bind>
</comp>

<comp id="205" class="1005" name="gmem1_addr_read_reg_205">
<pin_list>
<pin id="206" dir="0" index="0" bw="32" slack="1"/>
<pin id="207" dir="1" index="1" bw="32" slack="1"/>
</pin_list>
<bind>
<opset="gmem1_addr_read "/>
</bind>
</comp>

</comp_list>

<net_list>
<net id="69"><net_src comp="8" pin="0"/><net_sink comp="66" pin=0"/></net>

<net id="74"><net_src comp="20" pin="0"/><net_sink comp="70" pin=0"/></net>

<net id="75"><net_src comp="4" pin="0"/><net_sink comp="70" pin=1"/></net>

<net id="80"><net_src comp="22" pin="0"/><net_sink comp="76" pin=0"/></net>

<net id="81"><net_src comp="2" pin="0"/><net_sink comp="76" pin=1"/></net>

<net id="87"><net_src comp="52" pin="0"/><net_sink comp="82" pin=0"/></net>

<net id="92"><net_src comp="54" pin="0"/><net_sink comp="88" pin=0"/></net>

<net id="98"><net_src comp="64" pin="0"/><net_sink comp="93" pin=0"/></net>

<net id="99"><net_src comp="6" pin="0"/><net_sink comp="93" pin=1"/></net>

<net id="109"><net_src comp="42" pin="0"/><net_sink comp="103" pin=0"/></net>

<net id="110"><net_src comp="44" pin="0"/><net_sink comp="103" pin=2"/></net>

<net id="111"><net_src comp="103" pin="4"/><net_sink comp="100" pin=0"/></net>

<net id="115"><net_src comp="70" pin="2"/><net_sink comp="112" pin=0"/></net>

<net id="120"><net_src comp="70" pin="2"/><net_sink comp="116" pin=0"/></net>

<net id="121"><net_src comp="14" pin="0"/><net_sink comp="116" pin=1"/></net>

<net id="128"><net_src comp="34" pin="0"/><net_sink comp="122" pin=0"/></net>

<net id="129"><net_src comp="76" pin="2"/><net_sink comp="122" pin=1"/></net>

<net id="130"><net_src comp="36" pin="0"/><net_sink comp="122" pin=2"/></net>

<net id="131"><net_src comp="38" pin="0"/><net_sink comp="122" pin=3"/></net>

<net id="135"><net_src comp="122" pin="4"/><net_sink comp="132" pin=0"/></net>

<net id="140"><net_src comp="0" pin="0"/><net_sink comp="136" pin=0"/></net>

<net id="141"><net_src comp="132" pin="1"/><net_sink comp="136" pin=1"/></net>

<net id="147"><net_src comp="116" pin="2"/><net_sink comp="142" pin=0"/></net>

<net id="148"><net_src comp="112" pin="1"/><net_sink comp="142" pin=1"/></net>

<net id="149"><net_src comp="40" pin="0"/><net_sink comp="142" pin=2"/></net>

<net id="153"><net_src comp="142" pin="3"/><net_sink comp="150" pin=0"/></net>

<net id="158"><net_src comp="40" pin="0"/><net_sink comp="154" pin=0"/></net>

<net id="165"><net_src comp="159" pin="1"/><net_sink comp="162" pin=0"/></net>

<net id="170"><net_src comp="162" pin="1"/><net_sink comp="166" pin=0"/></net>

<net id="171"><net_src comp="70" pin="2"/><net_sink comp="166" pin=1"/></net>

<net id="176"><net_src comp="159" pin="1"/><net_sink comp="172" pin=0"/></net>

<net id="177"><net_src comp="50" pin="0"/><net_sink comp="172" pin=1"/></net>

<net id="182"><net_src comp="172" pin="2"/><net_sink comp="178" pin=0"/></net>

<net id="186"><net_src comp="66" pin="1"/><net_sink comp="183" pin=0"/></net>

<net id="187"><net_src comp="183" pin="1"/><net_sink comp="154" pin=1"/></net>

<net id="188"><net_src comp="183" pin="1"/><net_sink comp="159" pin=0"/></net>

<net id="189"><net_src comp="183" pin="1"/><net_sink comp="178" pin=1"/></net>

<net id="193"><net_src comp="136" pin="2"/><net_sink comp="190" pin=0"/></net>

<net id="194"><net_src comp="190" pin="1"/><net_sink comp="82" pin=1"/></net>

<net id="195"><net_src comp="190" pin="1"/><net_sink comp="88" pin=1"/></net>

<net id="199"><net_src comp="150" pin="1"/><net_sink comp="196" pin=0"/></net>

<net id="200"><net_src comp="196" pin="1"/><net_sink comp="82" pin=2"/></net>

<net id="204"><net_src comp="166" pin="2"/><net_sink comp="201" pin=0"/></net>

<net id="208"><net_src comp="88" pin="2"/><net_sink comp="205" pin=0"/></net>

<net id="209"><net_src comp="205" pin="1"/><net_sink comp="93" pin=2"/></net>

</net_list>

</model> 
---------------- Datapath Model END ------------------

* FSMD analyzer results:
  - Output states:
	Port: gmem1 | {}
	Port: in2_stream | {74 }
 - Input state : 
	Port: load_input.1 : gmem1 | {2 3 4 5 6 7 8 9 10 11 12 13 14 15 16 17 18 19 20 21 22 23 24 25 26 27 28 29 30 31 32 33 34 35 36 37 38 39 40 41 42 43 44 45 46 47 48 49 50 51 52 53 54 55 56 57 58 59 60 61 62 63 64 65 66 67 68 69 70 71 72 73 }
	Port: load_input.1 : in_r | {1 }
	Port: load_input.1 : size | {1 }
	Port: load_input.1 : in2_stream | {}
  - Chain level:
	State 1
		sext_ln48 : 1
		gmem1_addr : 2
		empty_35 : 1
		zext_ln48 : 2
		store_ln48 : 1
		first_iter_0 : 1
		i_load : 1
		zext_ln46 : 2
		icmp_ln48_1 : 3
		add_ln48 : 2
		br_ln48 : 4
		br_ln48 : 2
		store_ln48 : 3
	State 2
	State 3
	State 4
	State 5
	State 6
	State 7
	State 8
	State 9
	State 10
	State 11
	State 12
	State 13
	State 14
	State 15
	State 16
	State 17
	State 18
	State 19
	State 20
	State 21
	State 22
	State 23
	State 24
	State 25
	State 26
	State 27
	State 28
	State 29
	State 30
	State 31
	State 32
	State 33
	State 34
	State 35
	State 36
	State 37
	State 38
	State 39
	State 40
	State 41
	State 42
	State 43
	State 44
	State 45
	State 46
	State 47
	State 48
	State 49
	State 50
	State 51
	State 52
	State 53
	State 54
	State 55
	State 56
	State 57
	State 58
	State 59
	State 60
	State 61
	State 62
	State 63
	State 64
	State 65
	State 66
	State 67
	State 68
	State 69
	State 70
	State 71
	State 72
	State 73
	State 74


============================================================
+ Verbose Summary: Datapath Resource usage 
============================================================

* Functional unit list:
|----------|----------------------------|---------|---------|
| Operation|       Functional Unit      |    FF   |   LUT   |
|----------|----------------------------|---------|---------|
|   icmp   |      icmp_ln48_fu_116      |    0    |    39   |
|          |     icmp_ln48_1_fu_166     |    0    |    39   |
|----------|----------------------------|---------|---------|
|    add   |       add_ln48_fu_172      |    0    |    38   |
|----------|----------------------------|---------|---------|
|  select  |       empty_35_fu_142      |    0    |    31   |
|----------|----------------------------|---------|---------|
|          |    size_read_read_fu_70    |    0    |    0    |
|   read   |     in_read_read_fu_76     |    0    |    0    |
|          | gmem1_addr_read_read_fu_88 |    0    |    0    |
|----------|----------------------------|---------|---------|
|  readreq |      grp_readreq_fu_82     |    0    |    0    |
|----------|----------------------------|---------|---------|
|   write  |   write_ln50_write_fu_93   |    0    |    0    |
|----------|----------------------------|---------|---------|
|   trunc  |        empty_fu_112        |    0    |    0    |
|----------|----------------------------|---------|---------|
|partselect|       trunc_ln_fu_122      |    0    |    0    |
|----------|----------------------------|---------|---------|
|   sext   |      sext_ln48_fu_132      |    0    |    0    |
|----------|----------------------------|---------|---------|
|   zext   |      zext_ln48_fu_150      |    0    |    0    |
|          |      zext_ln46_fu_162      |    0    |    0    |
|----------|----------------------------|---------|---------|
|   Total  |                            |    0    |   147   |
|----------|----------------------------|---------|---------|

Memories:
N/A

* Register list:
+-----------------------+--------+
|                       |   FF   |
+-----------------------+--------+
|  first_iter_0_reg_100 |    1   |
|gmem1_addr_read_reg_205|   32   |
|   gmem1_addr_reg_190  |   32   |
|       i_reg_183       |   31   |
|  icmp_ln48_1_reg_201  |    1   |
|   zext_ln48_reg_196   |   32   |
+-----------------------+--------+
|         Total         |   129  |
+-----------------------+--------+

* Multiplexer (MUX) list: 
|--------|------|------|------|--------|
|  Comp  |  Pin | Size |  BW  | S x BW |
|--------|------|------|------|--------|
|  Total |      |      |      |    0   |
|--------|------|------|------|--------|



* Summary:
+-----------+--------+--------+
|           |   FF   |   LUT  |
+-----------+--------+--------+
|  Function |    0   |   147  |
|   Memory  |    -   |    -   |
|Multiplexer|    -   |    -   |
|  Register |   129  |    -   |
+-----------+--------+--------+
|   Total   |   129  |   147  |
+-----------+--------+--------+
