/home/rourab/Auto_FastFlow_fpga/kernels_src/vmul2/vmul2.cpp:49:9: warning: HLS pragma dump _XLX_SEP_ PragmaIsValid=1_XLX_SEP_ PragmaType=loop_tripcount_XLX_SEP_ PragmaContext=_XLX_SEP_ PragmaFunction=load_input_XLX_SEP_ PragmaOptions=min = c_size max = c_size_XLX_SEP_ [-Wdump-hls-pragmas]
#pragma HLS LOOP_TRIPCOUNT min = c_size max = c_size
        ^
/home/rourab/Auto_FastFlow_fpga/kernels_src/vmul2/vmul2.cpp:62:9: warning: HLS pragma dump _XLX_SEP_ PragmaIsValid=1_XLX_SEP_ PragmaType=loop_tripcount_XLX_SEP_ PragmaContext=_XLX_SEP_ PragmaFunction=compute_add_XLX_SEP_ PragmaOptions=min = c_size/2 max = c_size/2_XLX_SEP_ [-Wdump-hls-pragmas]
#pragma HLS LOOP_TRIPCOUNT min = c_size/2 max = c_size/2
        ^
/home/rourab/Auto_FastFlow_fpga/kernels_src/vmul2/vmul2.cpp:63:9: warning: HLS pragma dump _XLX_SEP_ PragmaIsValid=1_XLX_SEP_ PragmaType=unroll_XLX_SEP_ PragmaContext=_XLX_SEP_ PragmaFunction=compute_add_XLX_SEP_ PragmaOptions=factor=2_XLX_SEP_ [-Wdump-hls-pragmas]
#pragma HLS UNROLL factor=2
        ^
/home/rourab/Auto_FastFlow_fpga/kernels_src/vmul2/vmul2.cpp:74:9: warning: HLS pragma dump _XLX_SEP_ PragmaIsValid=1_XLX_SEP_ PragmaType=loop_tripcount_XLX_SEP_ PragmaContext=_XLX_SEP_ PragmaFunction=store_result_XLX_SEP_ PragmaOptions=min = c_size max = c_size_XLX_SEP_ [-Wdump-hls-pragmas]
#pragma HLS LOOP_TRIPCOUNT min = c_size max = c_size
        ^
/home/rourab/Auto_FastFlow_fpga/auto_fast_flow/build_dir_circuit2/vmul2/vmul2/vmul2.tcl:23:9: warning: HLS pragma dump _XLX_SEP_ PragmaIsValid=1_XLX_SEP_ PragmaType=top_XLX_SEP_ PragmaContext=directive_XLX_SEP_ PragmaFunction=vmul2_XLX_SEP_ PragmaOptions=name=vmul2_XLX_SEP_ [-Wdump-hls-pragmas]
#pragma HLSDIRECTIVE TOP name=vmul2
        ^
/home/rourab/Auto_FastFlow_fpga/kernels_src/vmul2/vmul2.cpp:92:9: warning: HLS pragma dump _XLX_SEP_ PragmaIsValid=1_XLX_SEP_ PragmaType=interface_XLX_SEP_ PragmaContext=_XLX_SEP_ PragmaFunction=vmul2_XLX_SEP_ PragmaOptions=m_axi port = in1 bundle = gmem0_XLX_SEP_ [-Wdump-hls-pragmas]
#pragma HLS INTERFACE m_axi port = in1 bundle = gmem0
        ^
/home/rourab/Auto_FastFlow_fpga/kernels_src/vmul2/vmul2.cpp:93:9: warning: HLS pragma dump _XLX_SEP_ PragmaIsValid=1_XLX_SEP_ PragmaType=interface_XLX_SEP_ PragmaContext=_XLX_SEP_ PragmaFunction=vmul2_XLX_SEP_ PragmaOptions=m_axi port = in2 bundle = gmem1_XLX_SEP_ [-Wdump-hls-pragmas]
#pragma HLS INTERFACE m_axi port = in2 bundle = gmem1
        ^
/home/rourab/Auto_FastFlow_fpga/kernels_src/vmul2/vmul2.cpp:94:9: warning: HLS pragma dump _XLX_SEP_ PragmaIsValid=1_XLX_SEP_ PragmaType=interface_XLX_SEP_ PragmaContext=_XLX_SEP_ PragmaFunction=vmul2_XLX_SEP_ PragmaOptions=m_axi port = out bundle = gmem0_XLX_SEP_ [-Wdump-hls-pragmas]
#pragma HLS INTERFACE m_axi port = out bundle = gmem0
        ^
/home/rourab/Auto_FastFlow_fpga/kernels_src/vmul2/vmul2.cpp:100:9: warning: HLS pragma dump _XLX_SEP_ PragmaIsValid=1_XLX_SEP_ PragmaType=dataflow_XLX_SEP_ PragmaContext=_XLX_SEP_ PragmaFunction=vmul2_XLX_SEP_ PragmaOptions=_XLX_SEP_ [-Wdump-hls-pragmas]
#pragma HLS dataflow
        ^
9 warnings generated.
