

================================================================
== Vitis HLS Report for 'compute_add_Pipeline_execute'
================================================================
* Date:           Tue May  7 14:24:27 2024

* Version:        2023.1 (Build 3854077 on May  4 2023)
* Project:        vmul
* Solution:       solution (Vitis Kernel Flow Target)
* Product family: virtexuplusHBM
* Target device:  xcu50-fsvh2104-2-e


================================================================
== Performance Estimates
================================================================
+ Timing: 
    * Summary: 
    +--------+---------+----------+------------+
    |  Clock |  Target | Estimated| Uncertainty|
    +--------+---------+----------+------------+
    |ap_clk  |  3.33 ns|  2.291 ns|     0.90 ns|
    +--------+---------+----------+------------+

+ Latency: 
    * Summary: 
    +---------+---------+-----------+-----------+------+------+---------+
    |  Latency (cycles) |   Latency (absolute)  |   Interval  | Pipeline|
    |   min   |   max   |    min    |    max    |  min |  max |   Type  |
    +---------+---------+-----------+-----------+------+------+---------+
    |     4101|     4101|  13.669 us|  13.669 us|  4101|  4101|       no|
    +---------+---------+-----------+-----------+------+------+---------+

    + Detail: 
        * Instance: 
        N/A

        * Loop: 
        +-----------+---------+---------+----------+-----------+-----------+------+----------+
        |           |  Latency (cycles) | Iteration|  Initiation Interval  | Trip |          |
        | Loop Name |   min   |   max   |  Latency |  achieved |   target  | Count| Pipelined|
        +-----------+---------+---------+----------+-----------+-----------+------+----------+
        |- execute  |     4099|     4099|         5|          1|          1|  4096|       yes|
        +-----------+---------+---------+----------+-----------+-----------+------+----------+



================================================================
== Utilization Estimates
================================================================
* Summary: 
+---------------------+---------+------+---------+--------+-----+
|         Name        | BRAM_18K|  DSP |    FF   |   LUT  | URAM|
+---------------------+---------+------+---------+--------+-----+
|DSP                  |        -|     -|        -|       -|    -|
|Expression           |        -|     -|        0|      83|    -|
|FIFO                 |        -|     -|        -|       -|    -|
|Instance             |        -|     3|      165|      49|    -|
|Memory               |        -|     -|        -|       -|    -|
|Multiplexer          |        -|     -|        -|      63|    -|
|Register             |        -|     -|      136|       -|    -|
+---------------------+---------+------+---------+--------+-----+
|Total                |        0|     3|      301|     195|    0|
+---------------------+---------+------+---------+--------+-----+
|Available SLR        |     1344|  2976|   871680|  435840|  320|
+---------------------+---------+------+---------+--------+-----+
|Utilization SLR (%)  |        0|    ~0|       ~0|      ~0|    0|
+---------------------+---------+------+---------+--------+-----+
|Available            |     2688|  5952|  1743360|  871680|  640|
+---------------------+---------+------+---------+--------+-----+
|Utilization (%)      |        0|    ~0|       ~0|      ~0|    0|
+---------------------+---------+------+---------+--------+-----+

+ Detail: 
    * Instance: 
    +------------------------+--------------------+---------+----+-----+----+-----+
    |        Instance        |       Module       | BRAM_18K| DSP|  FF | LUT| URAM|
    +------------------------+--------------------+---------+----+-----+----+-----+
    |mul_32s_32s_32_2_1_U16  |mul_32s_32s_32_2_1  |        0|   3|  165|  49|    0|
    +------------------------+--------------------+---------+----+-----+----+-----+
    |Total                   |                    |        0|   3|  165|  49|    0|
    +------------------------+--------------------+---------+----+-----+----+-----+

    * DSP: 
    N/A

    * Memory: 
    N/A

    * FIFO: 
    N/A

    * Expression: 
    +----------------------------------+----------+----+---+----+------------+------------+
    |           Variable Name          | Operation| DSP| FF| LUT| Bitwidth P0| Bitwidth P1|
    +----------------------------------+----------+----+---+----+------------+------------+
    |i_1_fu_93_p2                      |         +|   0|  0|  38|          31|           1|
    |icmp_ln61_fu_87_p2                |      icmp|   0|  0|  39|          32|          32|
    |ap_block_pp0_stage0_01001         |        or|   0|  0|   2|           1|           1|
    |ap_block_state2_pp0_stage0_iter1  |        or|   0|  0|   2|           1|           1|
    |ap_enable_pp0                     |       xor|   0|  0|   2|           1|           2|
    +----------------------------------+----------+----+---+----+------------+------------+
    |Total                             |          |   0|  0|  83|          66|          37|
    +----------------------------------+----------+----+---+----+------------+------------+

    * Multiplexer: 
    +-------------------------+----+-----------+-----+-----------+
    |           Name          | LUT| Input Size| Bits| Total Bits|
    +-------------------------+----+-----------+-----+-----------+
    |ap_done_int              |   9|          2|    1|          2|
    |ap_enable_reg_pp0_iter1  |   9|          2|    1|          2|
    |ap_sig_allocacmp_i_load  |   9|          2|   31|         62|
    |i_fu_42                  |   9|          2|   31|         62|
    |in1_stream_blk_n         |   9|          2|    1|          2|
    |in2_stream_blk_n         |   9|          2|    1|          2|
    |out_stream_blk_n         |   9|          2|    1|          2|
    +-------------------------+----+-----------+-----+-----------+
    |Total                    |  63|         14|   67|        134|
    +-------------------------+----+-----------+-----+-----------+

    * Register: 
    +----------------------------------+----+----+-----+-----------+
    |               Name               | FF | LUT| Bits| Const Bits|
    +----------------------------------+----+----+-----+-----------+
    |ap_CS_fsm                         |   1|   0|    1|          0|
    |ap_done_reg                       |   1|   0|    1|          0|
    |ap_enable_reg_pp0_iter1           |   1|   0|    1|          0|
    |ap_enable_reg_pp0_iter2           |   1|   0|    1|          0|
    |ap_enable_reg_pp0_iter3           |   1|   0|    1|          0|
    |ap_enable_reg_pp0_iter4           |   1|   0|    1|          0|
    |ap_loop_exit_ready_pp0_iter1_reg  |   1|   0|    1|          0|
    |ap_loop_exit_ready_pp0_iter2_reg  |   1|   0|    1|          0|
    |ap_loop_exit_ready_pp0_iter3_reg  |   1|   0|    1|          0|
    |i_fu_42                           |  31|   0|   31|          0|
    |in1_stream_read_reg_115           |  32|   0|   32|          0|
    |in2_stream_read_reg_120           |  32|   0|   32|          0|
    |mul_ln63_reg_125                  |  32|   0|   32|          0|
    +----------------------------------+----+----+-----+-----------+
    |Total                             | 136|   0|  136|          0|
    +----------------------------------+----+----+-----+-----------+



================================================================
== Interface
================================================================
* Summary: 
+---------------------------+-----+-----+------------+------------------------------+--------------+
|         RTL Ports         | Dir | Bits|  Protocol  |         Source Object        |    C Type    |
+---------------------------+-----+-----+------------+------------------------------+--------------+
|ap_clk                     |   in|    1|  ap_ctrl_hs|  compute_add_Pipeline_execute|  return value|
|ap_rst                     |   in|    1|  ap_ctrl_hs|  compute_add_Pipeline_execute|  return value|
|ap_start                   |   in|    1|  ap_ctrl_hs|  compute_add_Pipeline_execute|  return value|
|ap_done                    |  out|    1|  ap_ctrl_hs|  compute_add_Pipeline_execute|  return value|
|ap_idle                    |  out|    1|  ap_ctrl_hs|  compute_add_Pipeline_execute|  return value|
|ap_ready                   |  out|    1|  ap_ctrl_hs|  compute_add_Pipeline_execute|  return value|
|in1_stream_dout            |   in|   32|     ap_fifo|                    in1_stream|       pointer|
|in1_stream_num_data_valid  |   in|    2|     ap_fifo|                    in1_stream|       pointer|
|in1_stream_fifo_cap        |   in|    2|     ap_fifo|                    in1_stream|       pointer|
|in1_stream_empty_n         |   in|    1|     ap_fifo|                    in1_stream|       pointer|
|in1_stream_read            |  out|    1|     ap_fifo|                    in1_stream|       pointer|
|in2_stream_dout            |   in|   32|     ap_fifo|                    in2_stream|       pointer|
|in2_stream_num_data_valid  |   in|    2|     ap_fifo|                    in2_stream|       pointer|
|in2_stream_fifo_cap        |   in|    2|     ap_fifo|                    in2_stream|       pointer|
|in2_stream_empty_n         |   in|    1|     ap_fifo|                    in2_stream|       pointer|
|in2_stream_read            |  out|    1|     ap_fifo|                    in2_stream|       pointer|
|out_stream_din             |  out|   32|     ap_fifo|                    out_stream|       pointer|
|out_stream_num_data_valid  |   in|    2|     ap_fifo|                    out_stream|       pointer|
|out_stream_fifo_cap        |   in|    2|     ap_fifo|                    out_stream|       pointer|
|out_stream_full_n          |   in|    1|     ap_fifo|                    out_stream|       pointer|
|out_stream_write           |  out|    1|     ap_fifo|                    out_stream|       pointer|
|size_load                  |   in|   32|     ap_none|                     size_load|        scalar|
+---------------------------+-----+-----+------------+------------------------------+--------------+

============================================================
+ Verbose Summary: Synthesis Manager
============================================================
InlineROM: 1
ExposeGlobal: 0
============================================================
+ Verbose Summary: CDFG Model
============================================================
IsTopModel: 0
ResetActiveHigh: 1
IsCombinational: 2
IsDatapathOnly: 2
HasWiredReturn: 1
HasMFsm: 2
HasVarLatency: 1
IsPipeline: 0
IsRtlPipelined: 0
IsInstanceOverlapped: 0
IsDontTouch: 0
HasImplIP: 0
IsGatedGlobalClock: 0

+ Individual pipeline summary: 
  * Pipeline-0: initiation interval (II) = 1, depth = 5


============================================================
+ Verbose Summary: Schedule
============================================================
* Number of FSM states : 5
* Pipeline : 1
  Pipeline-0 : II = 1, D = 5, States = { 1 2 3 4 5 }
* Dataflow Pipeline: 0

* FSM state transitions: 
1 --> 2 
2 --> 3 
3 --> 4 
4 --> 5 
5 --> 

* FSM state operations: 

State 1 <SV = 0> <Delay = 1.26>
ST_1 : Operation 8 [1/1] (0.00ns)   --->   "%i = alloca i32 1"   --->   Operation 8 'alloca' 'i' <Predicate = true> <Delay = 0.00>
ST_1 : Operation 9 [1/1] (0.00ns)   --->   "%specinterface_ln0 = specinterface void @_ssdm_op_SpecInterface, i32 %out_stream, void @empty_6, i32 0, i32 0, void @empty_3, i32 0, i32 0, void @empty_3, void @empty_3, void @empty_3, i32 0, i32 0, i32 0, i32 0, void @empty_3, void @empty_3, i32 4294967295, i32 0"   --->   Operation 9 'specinterface' 'specinterface_ln0' <Predicate = true> <Delay = 0.00>
ST_1 : Operation 10 [1/1] (0.00ns)   --->   "%specinterface_ln0 = specinterface void @_ssdm_op_SpecInterface, i32 %in2_stream, void @empty_6, i32 0, i32 0, void @empty_3, i32 0, i32 0, void @empty_3, void @empty_3, void @empty_3, i32 0, i32 0, i32 0, i32 0, void @empty_3, void @empty_3, i32 4294967295, i32 0"   --->   Operation 10 'specinterface' 'specinterface_ln0' <Predicate = true> <Delay = 0.00>
ST_1 : Operation 11 [1/1] (0.00ns)   --->   "%specinterface_ln0 = specinterface void @_ssdm_op_SpecInterface, i32 %in1_stream, void @empty_6, i32 0, i32 0, void @empty_3, i32 0, i32 0, void @empty_3, void @empty_3, void @empty_3, i32 0, i32 0, i32 0, i32 0, void @empty_3, void @empty_3, i32 4294967295, i32 0"   --->   Operation 11 'specinterface' 'specinterface_ln0' <Predicate = true> <Delay = 0.00>
ST_1 : Operation 12 [1/1] (0.00ns)   --->   "%size_load_read = read i32 @_ssdm_op_Read.ap_auto.i32, i32 %size_load" [/home/rourab/Auto_FastFlow_fpga/kernels_src/vmul/vmul.cpp:61]   --->   Operation 12 'read' 'size_load_read' <Predicate = true> <Delay = 0.00>
ST_1 : Operation 13 [1/1] (0.38ns)   --->   "%store_ln0 = store i31 0, i31 %i"   --->   Operation 13 'store' 'store_ln0' <Predicate = true> <Delay = 0.38>
ST_1 : Operation 14 [1/1] (0.00ns)   --->   "%br_ln0 = br void %for.inc.i"   --->   Operation 14 'br' 'br_ln0' <Predicate = true> <Delay = 0.00>
ST_1 : Operation 15 [1/1] (0.00ns)   --->   "%i_load = load i31 %i"   --->   Operation 15 'load' 'i_load' <Predicate = true> <Delay = 0.00>
ST_1 : Operation 16 [1/1] (0.00ns)   --->   "%i_cast = zext i31 %i_load"   --->   Operation 16 'zext' 'i_cast' <Predicate = true> <Delay = 0.00>
ST_1 : Operation 17 [1/1] (0.00ns)   --->   "%specpipeline_ln0 = specpipeline void @_ssdm_op_SpecPipeline, i32 4294967295, i32 0, i32 1, i32 0, void @p_str"   --->   Operation 17 'specpipeline' 'specpipeline_ln0' <Predicate = true> <Delay = 0.00>
ST_1 : Operation 18 [1/1] (0.88ns)   --->   "%icmp_ln61 = icmp_slt  i32 %i_cast, i32 %size_load_read" [/home/rourab/Auto_FastFlow_fpga/kernels_src/vmul/vmul.cpp:61]   --->   Operation 18 'icmp' 'icmp_ln61' <Predicate = true> <Delay = 0.88> <CoreInst = "Cmp">   --->   Core 9 'Cmp' <Latency = 0> <II = 1> <Delay = 0.88> <FuncUnit> <Opcode : 'icmp'> <InPorts = 2> <OutPorts = 1>
ST_1 : Operation 19 [1/1] (0.87ns)   --->   "%i_1 = add i31 %i_load, i31 1"   --->   Operation 19 'add' 'i_1' <Predicate = true> <Delay = 0.87> <CoreInst = "Adder">   --->   Core 1 'Adder' <Latency = 0> <II = 1> <Delay = 0.87> <FuncUnit> <Opcode : 'add' 'sub'> <InPorts = 2> <OutPorts = 1>
ST_1 : Operation 20 [1/1] (0.00ns)   --->   "%br_ln61 = br i1 %icmp_ln61, void %compute_add.exit.exitStub, void %for.inc.split.i" [/home/rourab/Auto_FastFlow_fpga/kernels_src/vmul/vmul.cpp:61]   --->   Operation 20 'br' 'br_ln61' <Predicate = true> <Delay = 0.00>
ST_1 : Operation 21 [1/1] (0.38ns)   --->   "%store_ln61 = store i31 %i_1, i31 %i" [/home/rourab/Auto_FastFlow_fpga/kernels_src/vmul/vmul.cpp:61]   --->   Operation 21 'store' 'store_ln61' <Predicate = (icmp_ln61)> <Delay = 0.38>

State 2 <SV = 1> <Delay = 1.21>
ST_2 : Operation 22 [1/1] (1.21ns)   --->   "%in1_stream_read = read i32 @_ssdm_op_Read.ap_fifo.volatile.i32P0A, i32 %in1_stream" [/home/rourab/Auto_FastFlow_fpga/kernels_src/vmul/vmul.cpp:63]   --->   Operation 22 'read' 'in1_stream_read' <Predicate = true> <Delay = 1.21> <CoreInst = "FIFO_SRL">   --->   Core 81 'FIFO_SRL' <Latency = 0> <II = 1> <Delay = 1.39> <Storage> <Opcode : 'read' 'write' 'nbread' 'nbwrite'> <Ports = 0> <Width = 32> <Depth = 2> <FIFO>
ST_2 : Operation 23 [1/1] (1.21ns)   --->   "%in2_stream_read = read i32 @_ssdm_op_Read.ap_fifo.volatile.i32P0A, i32 %in2_stream" [/home/rourab/Auto_FastFlow_fpga/kernels_src/vmul/vmul.cpp:63]   --->   Operation 23 'read' 'in2_stream_read' <Predicate = true> <Delay = 1.21> <CoreInst = "FIFO_SRL">   --->   Core 81 'FIFO_SRL' <Latency = 0> <II = 1> <Delay = 1.39> <Storage> <Opcode : 'read' 'write' 'nbread' 'nbwrite'> <Ports = 0> <Width = 32> <Depth = 2> <FIFO>

State 3 <SV = 2> <Delay = 2.29>
ST_3 : Operation 24 [2/2] (2.29ns)   --->   "%mul_ln63 = mul i32 %in2_stream_read, i32 %in1_stream_read" [/home/rourab/Auto_FastFlow_fpga/kernels_src/vmul/vmul.cpp:63]   --->   Operation 24 'mul' 'mul_ln63' <Predicate = true> <Delay = 2.29> <CoreInst = "Multiplier">   --->   Core 3 'Multiplier' <Latency = 1> <II = 1> <Delay = 2.29> <FuncUnit> <Opcode : 'mul'> <InPorts = 2> <OutPorts = 1>

State 4 <SV = 3> <Delay = 2.29>
ST_4 : Operation 25 [1/2] (2.29ns)   --->   "%mul_ln63 = mul i32 %in2_stream_read, i32 %in1_stream_read" [/home/rourab/Auto_FastFlow_fpga/kernels_src/vmul/vmul.cpp:63]   --->   Operation 25 'mul' 'mul_ln63' <Predicate = true> <Delay = 2.29> <CoreInst = "Multiplier">   --->   Core 3 'Multiplier' <Latency = 1> <II = 1> <Delay = 2.29> <FuncUnit> <Opcode : 'mul'> <InPorts = 2> <OutPorts = 1>
ST_4 : Operation 30 [1/1] (0.00ns)   --->   "%ret_ln0 = ret"   --->   Operation 30 'ret' 'ret_ln0' <Predicate = (!icmp_ln61)> <Delay = 0.00>

State 5 <SV = 4> <Delay = 1.21>
ST_5 : Operation 26 [1/1] (0.00ns)   --->   "%speclooptripcount_ln62 = speclooptripcount void @_ssdm_op_SpecLoopTripCount, i64 4096, i64 4096, i64 4096" [/home/rourab/Auto_FastFlow_fpga/kernels_src/vmul/vmul.cpp:62]   --->   Operation 26 'speclooptripcount' 'speclooptripcount_ln62' <Predicate = true> <Delay = 0.00>
ST_5 : Operation 27 [1/1] (0.00ns)   --->   "%specloopname_ln61 = specloopname void @_ssdm_op_SpecLoopName, void @empty_18" [/home/rourab/Auto_FastFlow_fpga/kernels_src/vmul/vmul.cpp:61]   --->   Operation 27 'specloopname' 'specloopname_ln61' <Predicate = true> <Delay = 0.00>
ST_5 : Operation 28 [1/1] (1.21ns)   --->   "%write_ln63 = write void @_ssdm_op_Write.ap_fifo.volatile.i32P0A, i32 %out_stream, i32 %mul_ln63" [/home/rourab/Auto_FastFlow_fpga/kernels_src/vmul/vmul.cpp:63]   --->   Operation 28 'write' 'write_ln63' <Predicate = true> <Delay = 1.21> <CoreInst = "FIFO_SRL">   --->   Core 81 'FIFO_SRL' <Latency = 0> <II = 1> <Delay = 1.39> <Storage> <Opcode : 'read' 'write' 'nbread' 'nbwrite'> <Ports = 0> <Width = 32> <Depth = 2> <FIFO>
ST_5 : Operation 29 [1/1] (0.00ns)   --->   "%br_ln61 = br void %for.inc.i" [/home/rourab/Auto_FastFlow_fpga/kernels_src/vmul/vmul.cpp:61]   --->   Operation 29 'br' 'br_ln61' <Predicate = true> <Delay = 0.00>


============================================================
+ Verbose Summary: Binding
============================================================
STG Binding: 
---------------- STG Properties BEGIN ----------------
- Is combinational: 0
- Is one-state seq: 0
- Is datapath-only: 0
- Is pipelined: 0
- Is top level: 0
Port [ Return ] is wired: 1; IO mode=ap_ctrl_hs:ce=0
Port [ size_load]:  wired=1; compound=0; hidden=0; nouse=0; global=0; static=0; extern=0; dir=0; type=0; pingpong=0; private_global=0; IO mode=ap_none:ce=0
Port [ in1_stream]:  wired=1; compound=1; hidden=0; nouse=0; global=1; static=1; extern=0; dir=0; type=3; pingpong=0; private_global=0; IO mode=ap_fifo:ce=0
Port [ in2_stream]:  wired=1; compound=1; hidden=0; nouse=0; global=1; static=1; extern=0; dir=0; type=3; pingpong=0; private_global=0; IO mode=ap_fifo:ce=0
Port [ out_stream]:  wired=1; compound=1; hidden=0; nouse=0; global=1; static=1; extern=0; dir=1; type=3; pingpong=0; private_global=0; IO mode=ap_fifo:ce=0
---------------- STG Properties END ------------------

---------------- Datapath Model BEGIN ----------------

<LifeTime>
<method=bitvector/>
i                      (alloca           ) [ 010000]
specinterface_ln0      (specinterface    ) [ 000000]
specinterface_ln0      (specinterface    ) [ 000000]
specinterface_ln0      (specinterface    ) [ 000000]
size_load_read         (read             ) [ 000000]
store_ln0              (store            ) [ 000000]
br_ln0                 (br               ) [ 000000]
i_load                 (load             ) [ 000000]
i_cast                 (zext             ) [ 000000]
specpipeline_ln0       (specpipeline     ) [ 000000]
icmp_ln61              (icmp             ) [ 011110]
i_1                    (add              ) [ 000000]
br_ln61                (br               ) [ 000000]
store_ln61             (store            ) [ 000000]
in1_stream_read        (read             ) [ 010110]
in2_stream_read        (read             ) [ 010110]
mul_ln63               (mul              ) [ 010001]
speclooptripcount_ln62 (speclooptripcount) [ 000000]
specloopname_ln61      (specloopname     ) [ 000000]
write_ln63             (write            ) [ 000000]
br_ln61                (br               ) [ 000000]
ret_ln0                (ret              ) [ 000000]
</LifeTime>

<model>

<comp_list>
<comp id="0" class="1000" name="size_load">
<pin_list>
<pin id="1" dir="1" index="0" bw="1" slack="0"/>
</pin_list>
<bind>
<StgValue><ssdm name="size_load"/></StgValue>
</bind>
</comp>

<comp id="2" class="1000" name="in1_stream">
<pin_list>
<pin id="3" dir="1" index="0" bw="1" slack="0"/>
</pin_list>
<bind>
<StgValue><ssdm name="in1_stream"/></StgValue>
</bind>
</comp>

<comp id="4" class="1000" name="in2_stream">
<pin_list>
<pin id="5" dir="1" index="0" bw="1" slack="0"/>
</pin_list>
<bind>
<StgValue><ssdm name="in2_stream"/></StgValue>
</bind>
</comp>

<comp id="6" class="1000" name="out_stream">
<pin_list>
<pin id="7" dir="1" index="0" bw="1" slack="0"/>
</pin_list>
<bind>
<StgValue><ssdm name="out_stream"/></StgValue>
</bind>
</comp>

<comp id="8" class="1001" name="const_8">
<pin_list>
<pin id="9" dir="1" index="0" bw="1" slack="0"/>
</pin_list>
<bind>
<StgValue><ssdm name=""/></StgValue>
</bind>
</comp>

<comp id="10" class="1001" name="const_10">
<pin_list>
<pin id="11" dir="1" index="0" bw="1" slack="2147483647"/>
</pin_list>
<bind>
<StgValue><ssdm name="_ssdm_op_SpecInterface"/></StgValue>
</bind>
</comp>

<comp id="12" class="1001" name="const_12">
<pin_list>
<pin id="13" dir="1" index="0" bw="1" slack="2147483647"/>
</pin_list>
<bind>
<StgValue><ssdm name="empty_6"/></StgValue>
</bind>
</comp>

<comp id="14" class="1001" name="const_14">
<pin_list>
<pin id="15" dir="1" index="0" bw="1" slack="2147483647"/>
</pin_list>
<bind>
<StgValue><ssdm name=""/></StgValue>
</bind>
</comp>

<comp id="16" class="1001" name="const_16">
<pin_list>
<pin id="17" dir="1" index="0" bw="1" slack="2147483647"/>
</pin_list>
<bind>
<StgValue><ssdm name="empty_3"/></StgValue>
</bind>
</comp>

<comp id="18" class="1001" name="const_18">
<pin_list>
<pin id="19" dir="1" index="0" bw="1" slack="2147483647"/>
</pin_list>
<bind>
<StgValue><ssdm name=""/></StgValue>
</bind>
</comp>

<comp id="20" class="1001" name="const_20">
<pin_list>
<pin id="21" dir="1" index="0" bw="1" slack="0"/>
</pin_list>
<bind>
<StgValue><ssdm name="_ssdm_op_Read.ap_auto.i32"/></StgValue>
</bind>
</comp>

<comp id="22" class="1001" name="const_22">
<pin_list>
<pin id="23" dir="1" index="0" bw="1" slack="0"/>
</pin_list>
<bind>
<StgValue><ssdm name=""/></StgValue>
</bind>
</comp>

<comp id="24" class="1001" name="const_24">
<pin_list>
<pin id="25" dir="1" index="0" bw="1" slack="2147483647"/>
</pin_list>
<bind>
<StgValue><ssdm name="_ssdm_op_SpecPipeline"/></StgValue>
</bind>
</comp>

<comp id="26" class="1001" name="const_26">
<pin_list>
<pin id="27" dir="1" index="0" bw="1" slack="2147483647"/>
</pin_list>
<bind>
<StgValue><ssdm name="p_str"/></StgValue>
</bind>
</comp>

<comp id="28" class="1001" name="const_28">
<pin_list>
<pin id="29" dir="1" index="0" bw="1" slack="0"/>
</pin_list>
<bind>
<StgValue><ssdm name=""/></StgValue>
</bind>
</comp>

<comp id="30" class="1001" name="const_30">
<pin_list>
<pin id="31" dir="1" index="0" bw="1" slack="0"/>
</pin_list>
<bind>
<StgValue><ssdm name="_ssdm_op_Read.ap_fifo.volatile.i32P0A"/></StgValue>
</bind>
</comp>

<comp id="32" class="1001" name="const_32">
<pin_list>
<pin id="33" dir="1" index="0" bw="1" slack="2147483647"/>
</pin_list>
<bind>
<StgValue><ssdm name="_ssdm_op_SpecLoopTripCount"/></StgValue>
</bind>
</comp>

<comp id="34" class="1001" name="const_34">
<pin_list>
<pin id="35" dir="1" index="0" bw="1" slack="2147483647"/>
</pin_list>
<bind>
<StgValue><ssdm name=""/></StgValue>
</bind>
</comp>

<comp id="36" class="1001" name="const_36">
<pin_list>
<pin id="37" dir="1" index="0" bw="1" slack="2147483647"/>
</pin_list>
<bind>
<StgValue><ssdm name="_ssdm_op_SpecLoopName"/></StgValue>
</bind>
</comp>

<comp id="38" class="1001" name="const_38">
<pin_list>
<pin id="39" dir="1" index="0" bw="1" slack="2147483647"/>
</pin_list>
<bind>
<StgValue><ssdm name="empty_18"/></StgValue>
</bind>
</comp>

<comp id="40" class="1001" name="const_40">
<pin_list>
<pin id="41" dir="1" index="0" bw="1" slack="0"/>
</pin_list>
<bind>
<StgValue><ssdm name="_ssdm_op_Write.ap_fifo.volatile.i32P0A"/></StgValue>
</bind>
</comp>

<comp id="42" class="1004" name="i_fu_42">
<pin_list>
<pin id="43" dir="0" index="0" bw="1" slack="0"/>
<pin id="44" dir="1" index="1" bw="31" slack="0"/>
</pin_list>
<bind>
<opcode="alloca(26) " fcode="alloca"/>
<opset="i/1 "/>
</bind>
</comp>

<comp id="46" class="1004" name="size_load_read_read_fu_46">
<pin_list>
<pin id="47" dir="0" index="0" bw="32" slack="0"/>
<pin id="48" dir="0" index="1" bw="32" slack="0"/>
<pin id="49" dir="1" index="2" bw="32" slack="0"/>
</pin_list>
<bind>
<opcode="read(1150) " fcode="read"/>
<opset="size_load_read/1 "/>
</bind>
</comp>

<comp id="52" class="1004" name="in1_stream_read_read_fu_52">
<pin_list>
<pin id="53" dir="0" index="0" bw="32" slack="0"/>
<pin id="54" dir="0" index="1" bw="32" slack="0"/>
<pin id="55" dir="1" index="2" bw="32" slack="1"/>
</pin_list>
<bind>
<opcode="read(1150) " fcode="read"/>
<opset="in1_stream_read/2 "/>
</bind>
</comp>

<comp id="58" class="1004" name="in2_stream_read_read_fu_58">
<pin_list>
<pin id="59" dir="0" index="0" bw="32" slack="0"/>
<pin id="60" dir="0" index="1" bw="32" slack="0"/>
<pin id="61" dir="1" index="2" bw="32" slack="1"/>
</pin_list>
<bind>
<opcode="read(1150) " fcode="read"/>
<opset="in2_stream_read/2 "/>
</bind>
</comp>

<comp id="64" class="1004" name="write_ln63_write_fu_64">
<pin_list>
<pin id="65" dir="0" index="0" bw="0" slack="0"/>
<pin id="66" dir="0" index="1" bw="32" slack="0"/>
<pin id="67" dir="0" index="2" bw="32" slack="1"/>
<pin id="68" dir="1" index="3" bw="0" slack="2147483647"/>
</pin_list>
<bind>
<opcode="write(1151) " fcode="write"/>
<opset="write_ln63/5 "/>
</bind>
</comp>

<comp id="71" class="1004" name="grp_fu_71">
<pin_list>
<pin id="72" dir="0" index="0" bw="32" slack="1"/>
<pin id="73" dir="0" index="1" bw="32" slack="1"/>
<pin id="74" dir="1" index="2" bw="32" slack="1"/>
</pin_list>
<bind>
<opcode="mul(12) " fcode="mul"/>
<opset="mul_ln63/3 "/>
</bind>
</comp>

<comp id="75" class="1004" name="store_ln0_store_fu_75">
<pin_list>
<pin id="76" dir="0" index="0" bw="1" slack="0"/>
<pin id="77" dir="0" index="1" bw="31" slack="0"/>
<pin id="78" dir="1" index="2" bw="0" slack="2147483647"/>
</pin_list>
<bind>
<opcode="store(28) " fcode="store"/>
<opset="store_ln0/1 "/>
</bind>
</comp>

<comp id="80" class="1004" name="i_load_load_fu_80">
<pin_list>
<pin id="81" dir="0" index="0" bw="31" slack="0"/>
<pin id="82" dir="1" index="1" bw="31" slack="0"/>
</pin_list>
<bind>
<opcode="load(27) " fcode="load"/>
<opset="i_load/1 "/>
</bind>
</comp>

<comp id="83" class="1004" name="i_cast_fu_83">
<pin_list>
<pin id="84" dir="0" index="0" bw="31" slack="0"/>
<pin id="85" dir="1" index="1" bw="32" slack="0"/>
</pin_list>
<bind>
<opcode="zext(34) " fcode="zext"/>
<opset="i_cast/1 "/>
</bind>
</comp>

<comp id="87" class="1004" name="icmp_ln61_fu_87">
<pin_list>
<pin id="88" dir="0" index="0" bw="32" slack="0"/>
<pin id="89" dir="0" index="1" bw="32" slack="0"/>
<pin id="90" dir="1" index="2" bw="1" slack="3"/>
</pin_list>
<bind>
<opcode="icmp(45) " fcode="icmp"/>
<opset="icmp_ln61/1 "/>
</bind>
</comp>

<comp id="93" class="1004" name="i_1_fu_93">
<pin_list>
<pin id="94" dir="0" index="0" bw="31" slack="0"/>
<pin id="95" dir="0" index="1" bw="1" slack="0"/>
<pin id="96" dir="1" index="2" bw="31" slack="0"/>
</pin_list>
<bind>
<opcode="add(8) " fcode="add"/>
<opset="i_1/1 "/>
</bind>
</comp>

<comp id="99" class="1004" name="store_ln61_store_fu_99">
<pin_list>
<pin id="100" dir="0" index="0" bw="31" slack="0"/>
<pin id="101" dir="0" index="1" bw="31" slack="0"/>
<pin id="102" dir="1" index="2" bw="0" slack="2147483647"/>
</pin_list>
<bind>
<opcode="store(28) " fcode="store"/>
<opset="store_ln61/1 "/>
</bind>
</comp>

<comp id="104" class="1005" name="i_reg_104">
<pin_list>
<pin id="105" dir="0" index="0" bw="31" slack="0"/>
<pin id="106" dir="1" index="1" bw="31" slack="0"/>
</pin_list>
<bind>
<opset="i "/>
</bind>
</comp>

<comp id="111" class="1005" name="icmp_ln61_reg_111">
<pin_list>
<pin id="112" dir="0" index="0" bw="1" slack="3"/>
<pin id="113" dir="1" index="1" bw="1" slack="2147483647"/>
</pin_list>
<bind>
<opset="icmp_ln61 "/>
</bind>
</comp>

<comp id="115" class="1005" name="in1_stream_read_reg_115">
<pin_list>
<pin id="116" dir="0" index="0" bw="32" slack="1"/>
<pin id="117" dir="1" index="1" bw="32" slack="1"/>
</pin_list>
<bind>
<opset="in1_stream_read "/>
</bind>
</comp>

<comp id="120" class="1005" name="in2_stream_read_reg_120">
<pin_list>
<pin id="121" dir="0" index="0" bw="32" slack="1"/>
<pin id="122" dir="1" index="1" bw="32" slack="1"/>
</pin_list>
<bind>
<opset="in2_stream_read "/>
</bind>
</comp>

<comp id="125" class="1005" name="mul_ln63_reg_125">
<pin_list>
<pin id="126" dir="0" index="0" bw="32" slack="1"/>
<pin id="127" dir="1" index="1" bw="32" slack="1"/>
</pin_list>
<bind>
<opset="mul_ln63 "/>
</bind>
</comp>

</comp_list>

<net_list>
<net id="45"><net_src comp="8" pin="0"/><net_sink comp="42" pin=0"/></net>

<net id="50"><net_src comp="20" pin="0"/><net_sink comp="46" pin=0"/></net>

<net id="51"><net_src comp="0" pin="0"/><net_sink comp="46" pin=1"/></net>

<net id="56"><net_src comp="30" pin="0"/><net_sink comp="52" pin=0"/></net>

<net id="57"><net_src comp="2" pin="0"/><net_sink comp="52" pin=1"/></net>

<net id="62"><net_src comp="30" pin="0"/><net_sink comp="58" pin=0"/></net>

<net id="63"><net_src comp="4" pin="0"/><net_sink comp="58" pin=1"/></net>

<net id="69"><net_src comp="40" pin="0"/><net_sink comp="64" pin=0"/></net>

<net id="70"><net_src comp="6" pin="0"/><net_sink comp="64" pin=1"/></net>

<net id="79"><net_src comp="22" pin="0"/><net_sink comp="75" pin=0"/></net>

<net id="86"><net_src comp="80" pin="1"/><net_sink comp="83" pin=0"/></net>

<net id="91"><net_src comp="83" pin="1"/><net_sink comp="87" pin=0"/></net>

<net id="92"><net_src comp="46" pin="2"/><net_sink comp="87" pin=1"/></net>

<net id="97"><net_src comp="80" pin="1"/><net_sink comp="93" pin=0"/></net>

<net id="98"><net_src comp="28" pin="0"/><net_sink comp="93" pin=1"/></net>

<net id="103"><net_src comp="93" pin="2"/><net_sink comp="99" pin=0"/></net>

<net id="107"><net_src comp="42" pin="1"/><net_sink comp="104" pin=0"/></net>

<net id="108"><net_src comp="104" pin="1"/><net_sink comp="75" pin=1"/></net>

<net id="109"><net_src comp="104" pin="1"/><net_sink comp="80" pin=0"/></net>

<net id="110"><net_src comp="104" pin="1"/><net_sink comp="99" pin=1"/></net>

<net id="114"><net_src comp="87" pin="2"/><net_sink comp="111" pin=0"/></net>

<net id="118"><net_src comp="52" pin="2"/><net_sink comp="115" pin=0"/></net>

<net id="119"><net_src comp="115" pin="1"/><net_sink comp="71" pin=1"/></net>

<net id="123"><net_src comp="58" pin="2"/><net_sink comp="120" pin=0"/></net>

<net id="124"><net_src comp="120" pin="1"/><net_sink comp="71" pin=0"/></net>

<net id="128"><net_src comp="71" pin="2"/><net_sink comp="125" pin=0"/></net>

<net id="129"><net_src comp="125" pin="1"/><net_sink comp="64" pin=2"/></net>

</net_list>

</model> 
---------------- Datapath Model END ------------------

* FSMD analyzer results:
  - Output states:
	Port: in1_stream | {}
	Port: in2_stream | {}
	Port: out_stream | {5 }
 - Input state : 
	Port: compute_add_Pipeline_execute : size_load | {1 }
	Port: compute_add_Pipeline_execute : in1_stream | {2 }
	Port: compute_add_Pipeline_execute : in2_stream | {2 }
	Port: compute_add_Pipeline_execute : out_stream | {}
  - Chain level:
	State 1
		store_ln0 : 1
		i_load : 1
		i_cast : 2
		icmp_ln61 : 3
		i_1 : 2
		br_ln61 : 4
		store_ln61 : 3
	State 2
	State 3
	State 4
	State 5


============================================================
+ Verbose Summary: Datapath Resource usage 
============================================================

* Functional unit list:
|----------|----------------------------|---------|---------|---------|
| Operation|       Functional Unit      |   DSP   |    FF   |   LUT   |
|----------|----------------------------|---------|---------|---------|
|    mul   |          grp_fu_71         |    3    |   165   |    49   |
|----------|----------------------------|---------|---------|---------|
|   icmp   |       icmp_ln61_fu_87      |    0    |    0    |    39   |
|----------|----------------------------|---------|---------|---------|
|    add   |          i_1_fu_93         |    0    |    0    |    38   |
|----------|----------------------------|---------|---------|---------|
|          |  size_load_read_read_fu_46 |    0    |    0    |    0    |
|   read   | in1_stream_read_read_fu_52 |    0    |    0    |    0    |
|          | in2_stream_read_read_fu_58 |    0    |    0    |    0    |
|----------|----------------------------|---------|---------|---------|
|   write  |   write_ln63_write_fu_64   |    0    |    0    |    0    |
|----------|----------------------------|---------|---------|---------|
|   zext   |        i_cast_fu_83        |    0    |    0    |    0    |
|----------|----------------------------|---------|---------|---------|
|   Total  |                            |    3    |   165   |   126   |
|----------|----------------------------|---------|---------|---------|

Memories:
N/A

* Register list:
+-----------------------+--------+
|                       |   FF   |
+-----------------------+--------+
|       i_reg_104       |   31   |
|   icmp_ln61_reg_111   |    1   |
|in1_stream_read_reg_115|   32   |
|in2_stream_read_reg_120|   32   |
|    mul_ln63_reg_125   |   32   |
+-----------------------+--------+
|         Total         |   128  |
+-----------------------+--------+

* Multiplexer (MUX) list: 
|--------|------|------|------|--------|
|  Comp  |  Pin | Size |  BW  | S x BW |
|--------|------|------|------|--------|
|  Total |      |      |      |    0   |
|--------|------|------|------|--------|



* Summary:
+-----------+--------+--------+--------+
|           |   DSP  |   FF   |   LUT  |
+-----------+--------+--------+--------+
|  Function |    3   |   165  |   126  |
|   Memory  |    -   |    -   |    -   |
|Multiplexer|    -   |    -   |    -   |
|  Register |    -   |   128  |    -   |
+-----------+--------+--------+--------+
|   Total   |    3   |   293  |   126  |
+-----------+--------+--------+--------+
