

================================================================
== Vitis HLS Report for 'vinc'
================================================================
* Date:           Tue May  7 14:23:20 2024

* Version:        2023.1 (Build 3854077 on May  4 2023)
* Project:        vinc
* Solution:       solution (Vitis Kernel Flow Target)
* Product family: virtexuplusHBM
* Target device:  xcu50-fsvh2104-2-e


================================================================
== Performance Estimates
================================================================
+ Timing: 
    * Summary: 
    +--------+---------+----------+------------+
    |  Clock |  Target | Estimated| Uncertainty|
    +--------+---------+----------+------------+
    |ap_clk  |  3.33 ns|  2.433 ns|     0.90 ns|
    +--------+---------+----------+------------+

+ Latency: 
    * Summary: 
    +---------+---------+-----------+-----------+------+------+----------+
    |  Latency (cycles) |   Latency (absolute)  |   Interval  | Pipeline |
    |   min   |   max   |    min    |    max    |  min |  max |   Type   |
    +---------+---------+-----------+-----------+------+------+----------+
    |     4244|     4244|  14.145 us|  14.145 us|  4173|  4173|  dataflow|
    +---------+---------+-----------+-----------+------+------+----------+

    + Detail: 
        * Instance: 
        +-----------------+--------------+---------+---------+-----------+-----------+------+------+---------+
        |                 |              |  Latency (cycles) |   Latency (absolute)  |   Interval  | Pipeline|
        |     Instance    |    Module    |   min   |   max   |    min    |    max    |  min |  max |   Type  |
        +-----------------+--------------+---------+---------+-----------+-----------+------+------+---------+
        |entry_proc_U0    |entry_proc    |        0|        0|       0 ns|       0 ns|     0|     0|       no|
        |load_input_U0    |load_input    |     4172|     4172|  13.905 us|  13.905 us|  4172|  4172|       no|
        |compute_inc_U0   |compute_inc   |     4101|     4101|  13.669 us|  13.669 us|  4101|  4101|       no|
        |store_result_U0  |store_result  |     4170|     4170|  13.899 us|  13.899 us|  4170|  4170|       no|
        +-----------------+--------------+---------+---------+-----------+-----------+------+------+---------+

        * Loop: 
        N/A



================================================================
== Utilization Estimates
================================================================
* Summary: 
+---------------------+---------+------+---------+--------+-----+
|         Name        | BRAM_18K|  DSP |    FF   |   LUT  | URAM|
+---------------------+---------+------+---------+--------+-----+
|DSP                  |        -|     -|        -|       -|    -|
|Expression           |        -|     -|        0|      12|    -|
|FIFO                 |        -|     -|      277|     202|    -|
|Instance             |        2|     -|     1525|    2822|    0|
|Memory               |        -|     -|        -|       -|    -|
|Multiplexer          |        -|     -|        -|      18|    -|
|Register             |        -|     -|        5|       -|    -|
+---------------------+---------+------+---------+--------+-----+
|Total                |        2|     0|     1807|    3054|    0|
+---------------------+---------+------+---------+--------+-----+
|Available SLR        |     1344|  2976|   871680|  435840|  320|
+---------------------+---------+------+---------+--------+-----+
|Utilization SLR (%)  |       ~0|     0|       ~0|      ~0|    0|
+---------------------+---------+------+---------+--------+-----+
|Available            |     2688|  5952|  1743360|  871680|  640|
+---------------------+---------+------+---------+--------+-----+
|Utilization (%)      |       ~0|     0|       ~0|      ~0|    0|
+---------------------+---------+------+---------+--------+-----+

+ Detail: 
    * Instance: 
    +-----------------+---------------+---------+----+-----+-----+-----+
    |     Instance    |     Module    | BRAM_18K| DSP|  FF | LUT | URAM|
    +-----------------+---------------+---------+----+-----+-----+-----+
    |compute_inc_U0   |compute_inc    |        0|   0|  105|  241|    0|
    |control_s_axi_U  |control_s_axi  |        0|   0|  214|  360|    0|
    |entry_proc_U0    |entry_proc     |        0|   0|    3|   29|    0|
    |gmem0_m_axi_U    |gmem0_m_axi    |        2|   0|  696|  720|    0|
    |load_input_U0    |load_input     |        0|   0|  239|  730|    0|
    |store_result_U0  |store_result   |        0|   0|  268|  742|    0|
    +-----------------+---------------+---------+----+-----+-----+-----+
    |Total            |               |        2|   0| 1525| 2822|    0|
    +-----------------+---------------+---------+----+-----+-----+-----+

    * DSP: 
    N/A

    * Memory: 
    N/A

    * FIFO: 
    +--------------+---------+----+----+-----+------+-----+---------+
    |     Name     | BRAM_18K| FF | LUT| URAM| Depth| Bits| Size:D*B|
    +--------------+---------+----+----+-----+------+-----+---------+
    |in_stream_U   |        0|  68|   0|    -|     2|   32|       64|
    |out_r_c_U     |        0|   5|   0|    -|     4|   64|      256|
    |out_stream_U  |        0|  68|   0|    -|     2|   32|       64|
    |size_c9_U     |        0|  68|   0|    -|     2|   32|       64|
    |size_c_U      |        0|  68|   0|    -|     2|   32|       64|
    +--------------+---------+----+----+-----+------+-----+---------+
    |Total         |        0| 277|   0|    0|    12|  192|      512|
    +--------------+---------+----+----+-----+------+-----+---------+

    * Expression: 
    +--------------------------------+----------+----+---+----+------------+------------+
    |          Variable Name         | Operation| DSP| FF| LUT| Bitwidth P0| Bitwidth P1|
    +--------------------------------+----------+----+---+----+------------+------------+
    |ap_idle                         |       and|   0|  0|   2|           1|           1|
    |ap_sync_ready                   |       and|   0|  0|   2|           1|           1|
    |entry_proc_U0_ap_start          |       and|   0|  0|   2|           1|           1|
    |load_input_U0_ap_start          |       and|   0|  0|   2|           1|           1|
    |ap_sync_entry_proc_U0_ap_ready  |        or|   0|  0|   2|           1|           1|
    |ap_sync_load_input_U0_ap_ready  |        or|   0|  0|   2|           1|           1|
    +--------------------------------+----------+----+---+----+------------+------------+
    |Total                           |          |   0|  0|  12|           6|           6|
    +--------------------------------+----------+----+---+----+------------+------------+

    * Multiplexer: 
    +------------------------------------+----+-----------+-----+-----------+
    |                Name                | LUT| Input Size| Bits| Total Bits|
    +------------------------------------+----+-----------+-----+-----------+
    |ap_sync_reg_entry_proc_U0_ap_ready  |   9|          2|    1|          2|
    |ap_sync_reg_load_input_U0_ap_ready  |   9|          2|    1|          2|
    +------------------------------------+----+-----------+-----+-----------+
    |Total                               |  18|          4|    2|          4|
    +------------------------------------+----+-----------+-----+-----------+

    * Register: 
    +------------------------------------+---+----+-----+-----------+
    |                Name                | FF| LUT| Bits| Const Bits|
    +------------------------------------+---+----+-----+-----------+
    |ap_rst_n_inv                        |  1|   0|    1|          0|
    |ap_rst_reg_1                        |  1|   0|    1|          0|
    |ap_rst_reg_2                        |  1|   0|    1|          0|
    |ap_sync_reg_entry_proc_U0_ap_ready  |  1|   0|    1|          0|
    |ap_sync_reg_load_input_U0_ap_ready  |  1|   0|    1|          0|
    +------------------------------------+---+----+-----+-----------+
    |Total                               |  5|   0|    5|          0|
    +------------------------------------+---+----+-----+-----------+



================================================================
== Interface
================================================================
* Summary: 
+-----------------------+-----+-----+---------------+--------------+--------------+
|       RTL Ports       | Dir | Bits|    Protocol   | Source Object|    C Type    |
+-----------------------+-----+-----+---------------+--------------+--------------+
|s_axi_control_AWVALID  |   in|    1|          s_axi|       control|        scalar|
|s_axi_control_AWREADY  |  out|    1|          s_axi|       control|        scalar|
|s_axi_control_AWADDR   |   in|    6|          s_axi|       control|        scalar|
|s_axi_control_WVALID   |   in|    1|          s_axi|       control|        scalar|
|s_axi_control_WREADY   |  out|    1|          s_axi|       control|        scalar|
|s_axi_control_WDATA    |   in|   32|          s_axi|       control|        scalar|
|s_axi_control_WSTRB    |   in|    4|          s_axi|       control|        scalar|
|s_axi_control_ARVALID  |   in|    1|          s_axi|       control|        scalar|
|s_axi_control_ARREADY  |  out|    1|          s_axi|       control|        scalar|
|s_axi_control_ARADDR   |   in|    6|          s_axi|       control|        scalar|
|s_axi_control_RVALID   |  out|    1|          s_axi|       control|        scalar|
|s_axi_control_RREADY   |   in|    1|          s_axi|       control|        scalar|
|s_axi_control_RDATA    |  out|   32|          s_axi|       control|        scalar|
|s_axi_control_RRESP    |  out|    2|          s_axi|       control|        scalar|
|s_axi_control_BVALID   |  out|    1|          s_axi|       control|        scalar|
|s_axi_control_BREADY   |   in|    1|          s_axi|       control|        scalar|
|s_axi_control_BRESP    |  out|    2|          s_axi|       control|        scalar|
|ap_clk                 |   in|    1|  ap_ctrl_chain|          vinc|  return value|
|ap_rst_n               |   in|    1|  ap_ctrl_chain|          vinc|  return value|
|interrupt              |  out|    1|  ap_ctrl_chain|          vinc|  return value|
|m_axi_gmem0_AWVALID    |  out|    1|          m_axi|         gmem0|       pointer|
|m_axi_gmem0_AWREADY    |   in|    1|          m_axi|         gmem0|       pointer|
|m_axi_gmem0_AWADDR     |  out|   64|          m_axi|         gmem0|       pointer|
|m_axi_gmem0_AWID       |  out|    1|          m_axi|         gmem0|       pointer|
|m_axi_gmem0_AWLEN      |  out|    8|          m_axi|         gmem0|       pointer|
|m_axi_gmem0_AWSIZE     |  out|    3|          m_axi|         gmem0|       pointer|
|m_axi_gmem0_AWBURST    |  out|    2|          m_axi|         gmem0|       pointer|
|m_axi_gmem0_AWLOCK     |  out|    2|          m_axi|         gmem0|       pointer|
|m_axi_gmem0_AWCACHE    |  out|    4|          m_axi|         gmem0|       pointer|
|m_axi_gmem0_AWPROT     |  out|    3|          m_axi|         gmem0|       pointer|
|m_axi_gmem0_AWQOS      |  out|    4|          m_axi|         gmem0|       pointer|
|m_axi_gmem0_AWREGION   |  out|    4|          m_axi|         gmem0|       pointer|
|m_axi_gmem0_AWUSER     |  out|    1|          m_axi|         gmem0|       pointer|
|m_axi_gmem0_WVALID     |  out|    1|          m_axi|         gmem0|       pointer|
|m_axi_gmem0_WREADY     |   in|    1|          m_axi|         gmem0|       pointer|
|m_axi_gmem0_WDATA      |  out|   32|          m_axi|         gmem0|       pointer|
|m_axi_gmem0_WSTRB      |  out|    4|          m_axi|         gmem0|       pointer|
|m_axi_gmem0_WLAST      |  out|    1|          m_axi|         gmem0|       pointer|
|m_axi_gmem0_WID        |  out|    1|          m_axi|         gmem0|       pointer|
|m_axi_gmem0_WUSER      |  out|    1|          m_axi|         gmem0|       pointer|
|m_axi_gmem0_ARVALID    |  out|    1|          m_axi|         gmem0|       pointer|
|m_axi_gmem0_ARREADY    |   in|    1|          m_axi|         gmem0|       pointer|
|m_axi_gmem0_ARADDR     |  out|   64|          m_axi|         gmem0|       pointer|
|m_axi_gmem0_ARID       |  out|    1|          m_axi|         gmem0|       pointer|
|m_axi_gmem0_ARLEN      |  out|    8|          m_axi|         gmem0|       pointer|
|m_axi_gmem0_ARSIZE     |  out|    3|          m_axi|         gmem0|       pointer|
|m_axi_gmem0_ARBURST    |  out|    2|          m_axi|         gmem0|       pointer|
|m_axi_gmem0_ARLOCK     |  out|    2|          m_axi|         gmem0|       pointer|
|m_axi_gmem0_ARCACHE    |  out|    4|          m_axi|         gmem0|       pointer|
|m_axi_gmem0_ARPROT     |  out|    3|          m_axi|         gmem0|       pointer|
|m_axi_gmem0_ARQOS      |  out|    4|          m_axi|         gmem0|       pointer|
|m_axi_gmem0_ARREGION   |  out|    4|          m_axi|         gmem0|       pointer|
|m_axi_gmem0_ARUSER     |  out|    1|          m_axi|         gmem0|       pointer|
|m_axi_gmem0_RVALID     |   in|    1|          m_axi|         gmem0|       pointer|
|m_axi_gmem0_RREADY     |  out|    1|          m_axi|         gmem0|       pointer|
|m_axi_gmem0_RDATA      |   in|   32|          m_axi|         gmem0|       pointer|
|m_axi_gmem0_RLAST      |   in|    1|          m_axi|         gmem0|       pointer|
|m_axi_gmem0_RID        |   in|    1|          m_axi|         gmem0|       pointer|
|m_axi_gmem0_RUSER      |   in|    1|          m_axi|         gmem0|       pointer|
|m_axi_gmem0_RRESP      |   in|    2|          m_axi|         gmem0|       pointer|
|m_axi_gmem0_BVALID     |   in|    1|          m_axi|         gmem0|       pointer|
|m_axi_gmem0_BREADY     |  out|    1|          m_axi|         gmem0|       pointer|
|m_axi_gmem0_BRESP      |   in|    2|          m_axi|         gmem0|       pointer|
|m_axi_gmem0_BID        |   in|    1|          m_axi|         gmem0|       pointer|
|m_axi_gmem0_BUSER      |   in|    1|          m_axi|         gmem0|       pointer|
+-----------------------+-----+-----+---------------+--------------+--------------+

