================================================================
== Design Size Report
================================================================

* Instructions per Function for each Compilation Phase
+-----------------+--------------+--------------+---------------+----------------------+---------------+
| Function        | Location     | Compile/Link | Unroll/Inline | Performance/Pipeline | Optimizations |
+-----------------+--------------+--------------+---------------+----------------------+---------------+
| + vinc2         | vinc2.cpp:84 | 143          | 94            | 68                   | 104           |
|    load_input   | vinc2.cpp:42 |  19          | 17            | 14                   |  19           |
|    compute_inc  | vinc2.cpp:50 |  64          | 30            | 24                   |  41           |
|    store_result | vinc2.cpp:65 |  26          | 17            | 14                   |  20           |
+-----------------+--------------+--------------+---------------+----------------------+---------------+

* Description of Compilation Phases
+----------------------+------------------------------------------------------------+
| Compilation Phase    | Description                                                |
+----------------------+------------------------------------------------------------+
| Compile/Link         | All functions are compiled and linked into a single design |
| Unroll/Inline        | After user unroll and inline pragmas are applied           |
| Performance/Pipeline | After performance and pipeline pragmas are applied         |
| Optimizations        | After high level synthesis optimizations                   |
+----------------------+------------------------------------------------------------+

* Design Size Message Settings
+---------------------------------------------+--------+------------------------------------------------------------------+
| Message Setting                             | Value  | Description                                                      |
+---------------------------------------------+--------+------------------------------------------------------------------+
| config_compile -design_size_maximum_warning | 100000 | Show a warning when total design instructions exceeds this value |
+---------------------------------------------+--------+------------------------------------------------------------------+


